\BOOKMARK [1][-]{section.1}{\376\377\000C\000e\000l\000\040\000z\000a\000d\000a\000n\000i\000a}{}% 1
\BOOKMARK [1][-]{section.2}{\376\377\000A\000l\000g\000o\000r\000y\000t\000m\000\040\000L\000o\000c\000a\000l\000\040\000S\000e\000a\000r\000c\000h}{}% 2
\BOOKMARK [2][-]{subsection.2.1}{\376\377\000O\000t\000o\000c\000z\000e\000n\000i\000e\000\040\000i\000n\000v\000e\000r\000t}{section.2}% 3
\BOOKMARK [3][-]{subsubsection.2.1.1}{\376\377\000M\000o\000c\000\040\000o\000t\000o\000c\000z\000e\000n\000i\000a}{subsection.2.1}% 4
\BOOKMARK [3][-]{subsubsection.2.1.2}{\376\377\000W\001\102\000a\000s\000n\000o\001\133\001\007\000\040\000r\000u\000c\000h\000u\000\040\000i\000n\000v\000e\000r\000t}{subsection.2.1}% 5
\BOOKMARK [3][-]{subsubsection.2.1.3}{\376\377\000P\000r\000o\000b\000l\000e\000m\000\040\000n\000i\000e\000r\000\363\000w\000n\000o\001\133\000c\000i\000\040\000t\000r\000\363\000j\000k\001\005\000t\000a\000\040\000p\000r\000z\000y\000\040\000z\000a\000o\000k\000r\001\005\000g\000l\000a\000n\000i\000u}{subsection.2.1}% 6
\BOOKMARK [2][-]{subsection.2.2}{\376\377\000W\000y\000b\000\363\000r\000\040\000r\000o\000z\000w\000i\001\005\000z\000a\000n\000i\000a\000\040\000p\000o\000c\000z\001\005\000t\000k\000o\000w\000e\000g\000o}{section.2}% 7
\BOOKMARK [2][-]{subsection.2.3}{\376\377\000P\000r\000z\000e\000g\000l\001\005\000d\000\040\000s\001\005\000s\000i\000e\000d\000z\000t\000w\000a}{section.2}% 8
\BOOKMARK [2][-]{subsection.2.4}{\376\377\000G\000e\000n\000e\000r\000o\000w\000a\000n\000i\000e\000\040\000n\000a\000j\000l\000e\000p\000s\000z\000e\000g\000o\000\040\000k\000a\000n\000d\000y\000d\000a\000t\000a}{section.2}% 9
\BOOKMARK [1][-]{section.3}{\376\377\000W\000y\000n\000i\000k\000i}{}% 10
\BOOKMARK [1][-]{section.4}{\376\377\000W\000n\000i\000o\000s\000k\000i}{}% 11
\BOOKMARK [1][-]{section.5}{\376\377\000W\000i\000z\000u\000a\000l\000i\000z\000a\000c\000j\000e\000\040\000r\000o\000z\000w\000i\001\005\000z\000a\001\104}{}% 12
\BOOKMARK [2][-]{subsection.5.1}{\376\377\000x\000q\000f\0001\0003\0001}{section.5}% 13
\BOOKMARK [2][-]{subsection.5.2}{\376\377\000x\000q\000g\0002\0003\0007}{section.5}% 14
\BOOKMARK [2][-]{subsection.5.3}{\376\377\000p\000m\000a\0003\0004\0003}{section.5}% 15
\BOOKMARK [2][-]{subsection.5.4}{\376\377\000p\000k\000a\0003\0007\0009}{section.5}% 16
\BOOKMARK [2][-]{subsection.5.5}{\376\377\000b\000c\000l\0003\0008\0000}{section.5}% 17
\BOOKMARK [2][-]{subsection.5.6}{\376\377\000p\000b\000l\0003\0009\0005}{section.5}% 18
\BOOKMARK [2][-]{subsection.5.7}{\376\377\000p\000b\000k\0004\0001\0001}{section.5}% 19
\BOOKMARK [2][-]{subsection.5.8}{\376\377\000p\000b\000n\0004\0002\0003}{section.5}% 20
\BOOKMARK [2][-]{subsection.5.9}{\376\377\000p\000b\000m\0004\0003\0006}{section.5}% 21
\BOOKMARK [2][-]{subsection.5.10}{\376\377\000x\000q\000l\0006\0006\0002}{section.5}% 22
\BOOKMARK [2][-]{subsection.5.11}{\376\377\000x\000i\000t\0001\0000\0008\0003}{section.5}% 23
\BOOKMARK [2][-]{subsection.5.12}{\376\377\000i\000c\000w\0001\0004\0008\0003}{section.5}% 24
\BOOKMARK [2][-]{subsection.5.13}{\376\377\000d\000j\000c\0001\0007\0008\0005}{section.5}% 25
\BOOKMARK [2][-]{subsection.5.14}{\376\377\000d\000c\000b\0002\0000\0008\0006}{section.5}% 26
\BOOKMARK [2][-]{subsection.5.15}{\376\377\000p\000d\000s\0002\0005\0006\0006}{section.5}% 27
