This is pdfTeX, Version 3.141592653-2.6-1.40.25 (TeX Live 2023/Arch Linux) (preloaded format=pdflatex 2023.10.28)  18 NOV 2023 13:44
entering extended mode
 restricted \write18 enabled.
 file:line:error style messages enabled.
 %&-line parsing enabled.
**/home/karoljanic/Documents/studies/metaheuristic-algorithms/reports/lab1/lab1.tex
(/home/karoljanic/Documents/studies/metaheuristic-algorithms/reports/lab1/lab1.tex
LaTeX2e <2022-11-01> patch level 1
L3 programming layer <2023-02-22> (/usr/share/texmf-dist/tex/latex/base/article.cls
Document Class: article 2022/07/02 v1.4n Standard LaTeX document class
(/usr/share/texmf-dist/tex/latex/base/size10.clo
File: size10.clo 2022/07/02 v1.4n Standard LaTeX file (size option)
)
\c@part=\count185
\c@section=\count186
\c@subsection=\count187
\c@subsubsection=\count188
\c@paragraph=\count189
\c@subparagraph=\count190
\c@figure=\count191
\c@table=\count192
\abovecaptionskip=\skip48
\belowcaptionskip=\skip49
\bibindent=\dimen140
) (/usr/share/texmf-dist/tex/latex/geometry/geometry.sty
Package: geometry 2020/01/02 v5.9 Page Geometry
 (/usr/share/texmf-dist/tex/latex/graphics/keyval.sty
Package: keyval 2022/05/29 v1.15 key=value parser (DPC)
\KV@toks@=\toks16
) (/usr/share/texmf-dist/tex/generic/iftex/ifvtex.sty
Package: ifvtex 2019/10/25 v1.7 ifvtex legacy package. Use iftex instead.
 (/usr/share/texmf-dist/tex/generic/iftex/iftex.sty
Package: iftex 2022/02/03 v1.0f TeX engine tests
))
\Gm@cnth=\count193
\Gm@cntv=\count194
\c@Gm@tempcnt=\count195
\Gm@bindingoffset=\dimen141
\Gm@wd@mp=\dimen142
\Gm@odd@mp=\dimen143
\Gm@even@mp=\dimen144
\Gm@layoutwidth=\dimen145
\Gm@layoutheight=\dimen146
\Gm@layouthoffset=\dimen147
\Gm@layoutvoffset=\dimen148
\Gm@dimlist=\toks17
) (/usr/share/texmf-dist/tex/latex/polski/polski.sty
Package: polski 2021/08/25 v1.3.6 Polish language package
) (/usr/share/texmf-dist/tex/latex/base/inputenc.sty
Package: inputenc 2021/02/14 v1.3d Input encoding file
\inpenc@prehook=\toks18
\inpenc@posthook=\toks19
) (/usr/share/texmf-dist/tex/latex/titling/titling.sty
Package: titling 2009/09/04 v2.1d maketitle typesetting
\thanksmarkwidth=\skip50
\thanksmargin=\skip51
\droptitle=\skip52
) (/usr/share/texmf-dist/tex/latex/caption/caption.sty
Package: caption 2023/03/12 v3.6j Customizing captions (AR)
 (/usr/share/texmf-dist/tex/latex/caption/caption3.sty
Package: caption3 2023/03/12 v2.4 caption3 kernel (AR)
\caption@tempdima=\dimen149
\captionmargin=\dimen150
\caption@leftmargin=\dimen151
\caption@rightmargin=\dimen152
\caption@width=\dimen153
\caption@indent=\dimen154
\caption@parindent=\dimen155
\caption@hangindent=\dimen156
Package caption Info: Standard document class detected.
)
\c@caption@flags=\count196
\c@continuedfloat=\count197
) (/usr/share/texmf-dist/tex/latex/parskip/parskip.sty
Package: parskip 2021-03-14 v2.0h non-zero parskip adjustments
 (/usr/share/texmf-dist/tex/latex/kvoptions/kvoptions.sty
Package: kvoptions 2022-06-15 v3.15 Key value format for package options (HO)
 (/usr/share/texmf-dist/tex/generic/ltxcmds/ltxcmds.sty
Package: ltxcmds 2020-05-10 v1.25 LaTeX kernel commands for general use (HO)
) (/usr/share/texmf-dist/tex/latex/kvsetkeys/kvsetkeys.sty
Package: kvsetkeys 2022-10-05 v1.19 Key value parser (HO)
)) (/usr/share/texmf-dist/tex/latex/etoolbox/etoolbox.sty
Package: etoolbox 2020/10/05 v2.5k e-TeX tools for LaTeX (JAW)
\etb@tempcnta=\count198
)) (/usr/share/texmf-dist/tex/latex/hyperref/hyperref.sty
Package: hyperref 2023-02-07 v7.00v Hypertext links for LaTeX
 (/usr/share/texmf-dist/tex/generic/pdftexcmds/pdftexcmds.sty
Package: pdftexcmds 2020-06-27 v0.33 Utility functions of pdfTeX for LuaTeX (HO)
 (/usr/share/texmf-dist/tex/generic/infwarerr/infwarerr.sty
Package: infwarerr 2019/12/03 v1.5 Providing info/warning/error messages (HO)
)
Package pdftexcmds Info: \pdf@primitive is available.
Package pdftexcmds Info: \pdf@ifprimitive is available.
Package pdftexcmds Info: \pdfdraftmode found.
) (/usr/share/texmf-dist/tex/generic/kvdefinekeys/kvdefinekeys.sty
Package: kvdefinekeys 2019-12-19 v1.6 Define keys (HO)
) (/usr/share/texmf-dist/tex/generic/pdfescape/pdfescape.sty
Package: pdfescape 2019/12/09 v1.15 Implements pdfTeX's escape features (HO)
) (/usr/share/texmf-dist/tex/latex/hycolor/hycolor.sty
Package: hycolor 2020-01-27 v1.10 Color options for hyperref/bookmark (HO)
) (/usr/share/texmf-dist/tex/latex/letltxmacro/letltxmacro.sty
Package: letltxmacro 2019/12/03 v1.6 Let assignment for LaTeX macros (HO)
) (/usr/share/texmf-dist/tex/latex/auxhook/auxhook.sty
Package: auxhook 2019-12-17 v1.6 Hooks for auxiliary files (HO)
) (/usr/share/texmf-dist/tex/latex/hyperref/nameref.sty
Package: nameref 2022-05-17 v2.50 Cross-referencing by name of section
 (/usr/share/texmf-dist/tex/latex/refcount/refcount.sty
Package: refcount 2019/12/15 v3.6 Data extraction from label references (HO)
) (/usr/share/texmf-dist/tex/generic/gettitlestring/gettitlestring.sty
Package: gettitlestring 2019/12/15 v1.6 Cleanup title references (HO)
)
\c@section@level=\count199
)
\@linkdim=\dimen157
\Hy@linkcounter=\count266
\Hy@pagecounter=\count267
 (/usr/share/texmf-dist/tex/latex/hyperref/pd1enc.def
File: pd1enc.def 2023-02-07 v7.00v Hyperref: PDFDocEncoding definition (HO)
Now handling font encoding PD1 ...
... no UTF-8 mapping file for font encoding PD1
) (/usr/share/texmf-dist/tex/generic/intcalc/intcalc.sty
Package: intcalc 2019/12/15 v1.3 Expandable calculations with integers (HO)
) (/usr/share/texmf-dist/tex/generic/etexcmds/etexcmds.sty
Package: etexcmds 2019/12/15 v1.7 Avoid name clashes with e-TeX commands (HO)
)
\Hy@SavedSpaceFactor=\count268
 (/usr/share/texmf-dist/tex/latex/hyperref/puenc.def
File: puenc.def 2023-02-07 v7.00v Hyperref: PDF Unicode definition (HO)
Now handling font encoding PU ...
... no UTF-8 mapping file for font encoding PU
)
Package hyperref Info: Hyper figures OFF on input line 4177.
Package hyperref Info: Link nesting OFF on input line 4182.
Package hyperref Info: Hyper index ON on input line 4185.
Package hyperref Info: Plain pages OFF on input line 4192.
Package hyperref Info: Backreferencing OFF on input line 4197.
Package hyperref Info: Implicit mode ON; LaTeX internals redefined.
Package hyperref Info: Bookmarks ON on input line 4425.
\c@Hy@tempcnt=\count269
 (/usr/share/texmf-dist/tex/latex/url/url.sty
\Urlmuskip=\muskip16
Package: url 2013/09/16  ver 3.4  Verb mode for urls, etc.
)
LaTeX Info: Redefining \url on input line 4763.
\XeTeXLinkMargin=\dimen158
 (/usr/share/texmf-dist/tex/generic/bitset/bitset.sty
Package: bitset 2019/12/09 v1.3 Handle bit-vector datatype (HO)
 (/usr/share/texmf-dist/tex/generic/bigintcalc/bigintcalc.sty
Package: bigintcalc 2019/12/15 v1.5 Expandable calculations on big integers (HO)
))
\Fld@menulength=\count270
\Field@Width=\dimen159
\Fld@charsize=\dimen160
Package hyperref Info: Hyper figures OFF on input line 6042.
Package hyperref Info: Link nesting OFF on input line 6047.
Package hyperref Info: Hyper index ON on input line 6050.
Package hyperref Info: backreferencing OFF on input line 6057.
Package hyperref Info: Link coloring OFF on input line 6062.
Package hyperref Info: Link coloring with OCG OFF on input line 6067.
Package hyperref Info: PDF/A mode OFF on input line 6072.
 (/usr/share/texmf-dist/tex/latex/base/atbegshi-ltx.sty
Package: atbegshi-ltx 2021/01/10 v1.0c Emulation of the original atbegshi
package with kernel methods
)
\Hy@abspage=\count271
\c@Item=\count272
\c@Hfootnote=\count273
)
Package hyperref Info: Driver (autodetected): hpdftex.
 (/usr/share/texmf-dist/tex/latex/hyperref/hpdftex.def
File: hpdftex.def 2023-02-07 v7.00v Hyperref driver for pdfTeX
 (/usr/share/texmf-dist/tex/latex/base/atveryend-ltx.sty
Package: atveryend-ltx 2020/08/19 v1.0a Emulation of the original atveryend package
with kernel methods
)
\Fld@listcount=\count274
\c@bookmark@seq@number=\count275
 (/usr/share/texmf-dist/tex/latex/rerunfilecheck/rerunfilecheck.sty
Package: rerunfilecheck 2022-07-10 v1.10 Rerun checks for auxiliary files (HO)
 (/usr/share/texmf-dist/tex/generic/uniquecounter/uniquecounter.sty
Package: uniquecounter 2019/12/15 v1.4 Provide unlimited unique counter (HO)
)
Package uniquecounter Info: New unique counter `rerunfilecheck' on input line 285.
)
\Hy@SectionHShift=\skip53
) (/usr/share/texmf-dist/tex/latex/multirow/multirow.sty
Package: multirow 2021/03/15 v2.8 Span multiple rows of a table
\multirow@colwidth=\skip54
\multirow@cntb=\count276
\multirow@dima=\skip55
\bigstrutjot=\dimen161
) (/usr/share/texmf-dist/tex/latex/graphics/graphicx.sty
Package: graphicx 2021/09/16 v1.2d Enhanced LaTeX Graphics (DPC,SPQR)
 (/usr/share/texmf-dist/tex/latex/graphics/graphics.sty
Package: graphics 2022/03/10 v1.4e Standard LaTeX Graphics (DPC,SPQR)
 (/usr/share/texmf-dist/tex/latex/graphics/trig.sty
Package: trig 2021/08/11 v1.11 sin cos tan (DPC)
) (/usr/share/texmf-dist/tex/latex/graphics-cfg/graphics.cfg
File: graphics.cfg 2016/06/04 v1.11 sample graphics configuration
)
Package graphics Info: Driver file: pdftex.def on input line 107.
 (/usr/share/texmf-dist/tex/latex/graphics-def/pdftex.def
File: pdftex.def 2022/09/22 v1.2b Graphics/color driver for pdftex
))
\Gin@req@height=\dimen162
\Gin@req@width=\dimen163
) (/usr/share/texmf-dist/tex/latex/pgf/frontendlayer/tikz.sty (/usr/share/texmf-dist/tex/latex/pgf/basiclayer/pgf.sty (/usr/share/texmf-dist/tex/latex/pgf/utilities/pgfrcs.sty (/usr/share/texmf-dist/tex/generic/pgf/utilities/pgfutil-common.tex
\pgfutil@everybye=\toks20
\pgfutil@tempdima=\dimen164
\pgfutil@tempdimb=\dimen165
) (/usr/share/texmf-dist/tex/generic/pgf/utilities/pgfutil-latex.def
\pgfutil@abb=\box51
) (/usr/share/texmf-dist/tex/generic/pgf/utilities/pgfrcs.code.tex (/usr/share/texmf-dist/tex/generic/pgf/pgf.revision.tex)
Package: pgfrcs 2023-01-15 v3.1.10 (3.1.10)
))
Package: pgf 2023-01-15 v3.1.10 (3.1.10)
 (/usr/share/texmf-dist/tex/latex/pgf/basiclayer/pgfcore.sty (/usr/share/texmf-dist/tex/latex/pgf/systemlayer/pgfsys.sty (/usr/share/texmf-dist/tex/generic/pgf/systemlayer/pgfsys.code.tex
Package: pgfsys 2023-01-15 v3.1.10 (3.1.10)
 (/usr/share/texmf-dist/tex/generic/pgf/utilities/pgfkeys.code.tex
\pgfkeys@pathtoks=\toks21
\pgfkeys@temptoks=\toks22
 (/usr/share/texmf-dist/tex/generic/pgf/utilities/pgfkeyslibraryfiltered.code.tex
\pgfkeys@tmptoks=\toks23
))
\pgf@x=\dimen166
\pgf@y=\dimen167
\pgf@xa=\dimen168
\pgf@ya=\dimen169
\pgf@xb=\dimen170
\pgf@yb=\dimen171
\pgf@xc=\dimen172
\pgf@yc=\dimen173
\pgf@xd=\dimen174
\pgf@yd=\dimen175
\w@pgf@writea=\write3
\r@pgf@reada=\read2
\c@pgf@counta=\count277
\c@pgf@countb=\count278
\c@pgf@countc=\count279
\c@pgf@countd=\count280
\t@pgf@toka=\toks24
\t@pgf@tokb=\toks25
\t@pgf@tokc=\toks26
\pgf@sys@id@count=\count281
 (/usr/share/texmf-dist/tex/generic/pgf/systemlayer/pgf.cfg
File: pgf.cfg 2023-01-15 v3.1.10 (3.1.10)
)
Driver file for pgf: pgfsys-pdftex.def
 (/usr/share/texmf-dist/tex/generic/pgf/systemlayer/pgfsys-pdftex.def
File: pgfsys-pdftex.def 2023-01-15 v3.1.10 (3.1.10)
 (/usr/share/texmf-dist/tex/generic/pgf/systemlayer/pgfsys-common-pdf.def
File: pgfsys-common-pdf.def 2023-01-15 v3.1.10 (3.1.10)
))) (/usr/share/texmf-dist/tex/generic/pgf/systemlayer/pgfsyssoftpath.code.tex
File: pgfsyssoftpath.code.tex 2023-01-15 v3.1.10 (3.1.10)
\pgfsyssoftpath@smallbuffer@items=\count282
\pgfsyssoftpath@bigbuffer@items=\count283
) (/usr/share/texmf-dist/tex/generic/pgf/systemlayer/pgfsysprotocol.code.tex
File: pgfsysprotocol.code.tex 2023-01-15 v3.1.10 (3.1.10)
)) (/usr/share/texmf-dist/tex/latex/xcolor/xcolor.sty
Package: xcolor 2022/06/12 v2.14 LaTeX color extensions (UK)
 (/usr/share/texmf-dist/tex/latex/graphics-cfg/color.cfg
File: color.cfg 2016/01/02 v1.6 sample color configuration
)
Package xcolor Info: Driver file: pdftex.def on input line 227.
 (/usr/share/texmf-dist/tex/latex/graphics/mathcolor.ltx)
Package xcolor Info: Model `cmy' substituted by `cmy0' on input line 1353.
Package xcolor Info: Model `hsb' substituted by `rgb' on input line 1357.
Package xcolor Info: Model `RGB' extended on input line 1369.
Package xcolor Info: Model `HTML' substituted by `rgb' on input line 1371.
Package xcolor Info: Model `Hsb' substituted by `hsb' on input line 1372.
Package xcolor Info: Model `tHsb' substituted by `hsb' on input line 1373.
Package xcolor Info: Model `HSB' substituted by `hsb' on input line 1374.
Package xcolor Info: Model `Gray' substituted by `gray' on input line 1375.
Package xcolor Info: Model `wave' substituted by `hsb' on input line 1376.
) (/usr/share/texmf-dist/tex/generic/pgf/basiclayer/pgfcore.code.tex
Package: pgfcore 2023-01-15 v3.1.10 (3.1.10)
 (/usr/share/texmf-dist/tex/generic/pgf/math/pgfmath.code.tex (/usr/share/texmf-dist/tex/generic/pgf/math/pgfmathutil.code.tex) (/usr/share/texmf-dist/tex/generic/pgf/math/pgfmathparser.code.tex
\pgfmath@dimen=\dimen176
\pgfmath@count=\count284
\pgfmath@box=\box52
\pgfmath@toks=\toks27
\pgfmath@stack@operand=\toks28
\pgfmath@stack@operation=\toks29
) (/usr/share/texmf-dist/tex/generic/pgf/math/pgfmathfunctions.code.tex) (/usr/share/texmf-dist/tex/generic/pgf/math/pgfmathfunctions.basic.code.tex) (/usr/share/texmf-dist/tex/generic/pgf/math/pgfmathfunctions.trigonometric.code.tex) (/usr/share/texmf-dist/tex/generic/pgf/math/pgfmathfunctions.random.code.tex) (/usr/share/texmf-dist/tex/generic/pgf/math/pgfmathfunctions.comparison.code.tex) (/usr/share/texmf-dist/tex/generic/pgf/math/pgfmathfunctions.base.code.tex) (/usr/share/texmf-dist/tex/generic/pgf/math/pgfmathfunctions.round.code.tex) (/usr/share/texmf-dist/tex/generic/pgf/math/pgfmathfunctions.misc.code.tex) (/usr/share/texmf-dist/tex/generic/pgf/math/pgfmathfunctions.integerarithmetics.code.tex) (/usr/share/texmf-dist/tex/generic/pgf/math/pgfmathcalc.code.tex) (/usr/share/texmf-dist/tex/generic/pgf/math/pgfmathfloat.code.tex
\c@pgfmathroundto@lastzeros=\count285
)) (/usr/share/texmf-dist/tex/generic/pgf/math/pgfint.code.tex) (/usr/share/texmf-dist/tex/generic/pgf/basiclayer/pgfcorepoints.code.tex
File: pgfcorepoints.code.tex 2023-01-15 v3.1.10 (3.1.10)
\pgf@picminx=\dimen177
\pgf@picmaxx=\dimen178
\pgf@picminy=\dimen179
\pgf@picmaxy=\dimen180
\pgf@pathminx=\dimen181
\pgf@pathmaxx=\dimen182
\pgf@pathminy=\dimen183
\pgf@pathmaxy=\dimen184
\pgf@xx=\dimen185
\pgf@xy=\dimen186
\pgf@yx=\dimen187
\pgf@yy=\dimen188
\pgf@zx=\dimen189
\pgf@zy=\dimen190
) (/usr/share/texmf-dist/tex/generic/pgf/basiclayer/pgfcorepathconstruct.code.tex
File: pgfcorepathconstruct.code.tex 2023-01-15 v3.1.10 (3.1.10)
\pgf@path@lastx=\dimen191
\pgf@path@lasty=\dimen192
) (/usr/share/texmf-dist/tex/generic/pgf/basiclayer/pgfcorepathusage.code.tex
File: pgfcorepathusage.code.tex 2023-01-15 v3.1.10 (3.1.10)
\pgf@shorten@end@additional=\dimen193
\pgf@shorten@start@additional=\dimen194
) (/usr/share/texmf-dist/tex/generic/pgf/basiclayer/pgfcorescopes.code.tex
File: pgfcorescopes.code.tex 2023-01-15 v3.1.10 (3.1.10)
\pgfpic=\box53
\pgf@hbox=\box54
\pgf@layerbox@main=\box55
\pgf@picture@serial@count=\count286
) (/usr/share/texmf-dist/tex/generic/pgf/basiclayer/pgfcoregraphicstate.code.tex
File: pgfcoregraphicstate.code.tex 2023-01-15 v3.1.10 (3.1.10)
\pgflinewidth=\dimen195
) (/usr/share/texmf-dist/tex/generic/pgf/basiclayer/pgfcoretransformations.code.tex
File: pgfcoretransformations.code.tex 2023-01-15 v3.1.10 (3.1.10)
\pgf@pt@x=\dimen196
\pgf@pt@y=\dimen197
\pgf@pt@temp=\dimen198
) (/usr/share/texmf-dist/tex/generic/pgf/basiclayer/pgfcorequick.code.tex
File: pgfcorequick.code.tex 2023-01-15 v3.1.10 (3.1.10)
) (/usr/share/texmf-dist/tex/generic/pgf/basiclayer/pgfcoreobjects.code.tex
File: pgfcoreobjects.code.tex 2023-01-15 v3.1.10 (3.1.10)
) (/usr/share/texmf-dist/tex/generic/pgf/basiclayer/pgfcorepathprocessing.code.tex
File: pgfcorepathprocessing.code.tex 2023-01-15 v3.1.10 (3.1.10)
) (/usr/share/texmf-dist/tex/generic/pgf/basiclayer/pgfcorearrows.code.tex
File: pgfcorearrows.code.tex 2023-01-15 v3.1.10 (3.1.10)
\pgfarrowsep=\dimen199
) (/usr/share/texmf-dist/tex/generic/pgf/basiclayer/pgfcoreshade.code.tex
File: pgfcoreshade.code.tex 2023-01-15 v3.1.10 (3.1.10)
\pgf@max=\dimen256
\pgf@sys@shading@range@num=\count287
\pgf@shadingcount=\count288
) (/usr/share/texmf-dist/tex/generic/pgf/basiclayer/pgfcoreimage.code.tex
File: pgfcoreimage.code.tex 2023-01-15 v3.1.10 (3.1.10)
) (/usr/share/texmf-dist/tex/generic/pgf/basiclayer/pgfcoreexternal.code.tex
File: pgfcoreexternal.code.tex 2023-01-15 v3.1.10 (3.1.10)
\pgfexternal@startupbox=\box56
) (/usr/share/texmf-dist/tex/generic/pgf/basiclayer/pgfcorelayers.code.tex
File: pgfcorelayers.code.tex 2023-01-15 v3.1.10 (3.1.10)
) (/usr/share/texmf-dist/tex/generic/pgf/basiclayer/pgfcoretransparency.code.tex
File: pgfcoretransparency.code.tex 2023-01-15 v3.1.10 (3.1.10)
) (/usr/share/texmf-dist/tex/generic/pgf/basiclayer/pgfcorepatterns.code.tex
File: pgfcorepatterns.code.tex 2023-01-15 v3.1.10 (3.1.10)
) (/usr/share/texmf-dist/tex/generic/pgf/basiclayer/pgfcorerdf.code.tex
File: pgfcorerdf.code.tex 2023-01-15 v3.1.10 (3.1.10)
))) (/usr/share/texmf-dist/tex/generic/pgf/modules/pgfmoduleshapes.code.tex
File: pgfmoduleshapes.code.tex 2023-01-15 v3.1.10 (3.1.10)
\pgfnodeparttextbox=\box57
) (/usr/share/texmf-dist/tex/generic/pgf/modules/pgfmoduleplot.code.tex
File: pgfmoduleplot.code.tex 2023-01-15 v3.1.10 (3.1.10)
) (/usr/share/texmf-dist/tex/latex/pgf/compatibility/pgfcomp-version-0-65.sty
Package: pgfcomp-version-0-65 2023-01-15 v3.1.10 (3.1.10)
\pgf@nodesepstart=\dimen257
\pgf@nodesepend=\dimen258
) (/usr/share/texmf-dist/tex/latex/pgf/compatibility/pgfcomp-version-1-18.sty
Package: pgfcomp-version-1-18 2023-01-15 v3.1.10 (3.1.10)
)) (/usr/share/texmf-dist/tex/latex/pgf/utilities/pgffor.sty (/usr/share/texmf-dist/tex/latex/pgf/utilities/pgfkeys.sty (/usr/share/texmf-dist/tex/generic/pgf/utilities/pgfkeys.code.tex)) (/usr/share/texmf-dist/tex/latex/pgf/math/pgfmath.sty (/usr/share/texmf-dist/tex/generic/pgf/math/pgfmath.code.tex)) (/usr/share/texmf-dist/tex/generic/pgf/utilities/pgffor.code.tex
Package: pgffor 2023-01-15 v3.1.10 (3.1.10)
\pgffor@iter=\dimen259
\pgffor@skip=\dimen260
\pgffor@stack=\toks30
\pgffor@toks=\toks31
)) (/usr/share/texmf-dist/tex/generic/pgf/frontendlayer/tikz/tikz.code.tex
Package: tikz 2023-01-15 v3.1.10 (3.1.10)
 (/usr/share/texmf-dist/tex/generic/pgf/libraries/pgflibraryplothandlers.code.tex
File: pgflibraryplothandlers.code.tex 2023-01-15 v3.1.10 (3.1.10)
\pgf@plot@mark@count=\count289
\pgfplotmarksize=\dimen261
)
\tikz@lastx=\dimen262
\tikz@lasty=\dimen263
\tikz@lastxsaved=\dimen264
\tikz@lastysaved=\dimen265
\tikz@lastmovetox=\dimen266
\tikz@lastmovetoy=\dimen267
\tikzleveldistance=\dimen268
\tikzsiblingdistance=\dimen269
\tikz@figbox=\box58
\tikz@figbox@bg=\box59
\tikz@tempbox=\box60
\tikz@tempbox@bg=\box61
\tikztreelevel=\count290
\tikznumberofchildren=\count291
\tikznumberofcurrentchild=\count292
\tikz@fig@count=\count293
 (/usr/share/texmf-dist/tex/generic/pgf/modules/pgfmodulematrix.code.tex
File: pgfmodulematrix.code.tex 2023-01-15 v3.1.10 (3.1.10)
\pgfmatrixcurrentrow=\count294
\pgfmatrixcurrentcolumn=\count295
\pgf@matrix@numberofcolumns=\count296
)
\tikz@expandcount=\count297
 (/usr/share/texmf-dist/tex/generic/pgf/frontendlayer/tikz/libraries/tikzlibrarytopaths.code.tex
File: tikzlibrarytopaths.code.tex 2023-01-15 v3.1.10 (3.1.10)
))) (/usr/share/texmf-dist/tex/generic/pgf/frontendlayer/tikz/libraries/tikzlibrarydecorations.markings.code.tex (/usr/share/texmf-dist/tex/generic/pgf/frontendlayer/tikz/libraries/tikzlibrarydecorations.code.tex (/usr/share/texmf-dist/tex/generic/pgf/modules/pgfmoduledecorations.code.tex
\pgfdecoratedcompleteddistance=\dimen270
\pgfdecoratedremainingdistance=\dimen271
\pgfdecoratedinputsegmentcompleteddistance=\dimen272
\pgfdecoratedinputsegmentremainingdistance=\dimen273
\pgf@decorate@distancetomove=\dimen274
\pgf@decorate@repeatstate=\count298
\pgfdecorationsegmentamplitude=\dimen275
\pgfdecorationsegmentlength=\dimen276
)
\tikz@lib@dec@box=\box62
) (/usr/share/texmf-dist/tex/generic/pgf/libraries/decorations/pgflibrarydecorations.markings.code.tex)) (/usr/share/texmf-dist/tex/latex/caption/subcaption.sty
Package: subcaption 2023/02/19 v1.6 Sub-captions (AR)
Package caption Info: New subtype `subfigure' on input line 239.
\c@subfigure=\count299
Package caption Info: New subtype `subtable' on input line 239.
\c@subtable=\count300
) (/usr/share/texmf-dist/tex/latex/l3backend/l3backend-pdftex.def
File: l3backend-pdftex.def 2023-01-16 L3 backend support: PDF output (pdfTeX)
\l__color_backend_stack_int=\count301
\l__pdf_internal_box=\box63
) (./lab1.aux)
\openout1 = `lab1.aux'.

LaTeX Font Info:    Checking defaults for OML/cmm/m/it on input line 20.
LaTeX Font Info:    ... okay on input line 20.
LaTeX Font Info:    Checking defaults for OMS/cmsy/m/n on input line 20.
LaTeX Font Info:    ... okay on input line 20.
LaTeX Font Info:    Checking defaults for OT1/cmr/m/n on input line 20.
LaTeX Font Info:    ... okay on input line 20.
LaTeX Font Info:    Checking defaults for T1/cmr/m/n on input line 20.
LaTeX Font Info:    ... okay on input line 20.
LaTeX Font Info:    Checking defaults for TS1/cmr/m/n on input line 20.
LaTeX Font Info:    ... okay on input line 20.
LaTeX Font Info:    Checking defaults for OMX/cmex/m/n on input line 20.
LaTeX Font Info:    ... okay on input line 20.
LaTeX Font Info:    Checking defaults for U/cmr/m/n on input line 20.
LaTeX Font Info:    ... okay on input line 20.
LaTeX Font Info:    Checking defaults for PD1/pdf/m/n on input line 20.
LaTeX Font Info:    ... okay on input line 20.
LaTeX Font Info:    Checking defaults for PU/pdf/m/n on input line 20.
LaTeX Font Info:    ... okay on input line 20.

*geometry* driver: auto-detecting
*geometry* detected driver: pdftex
*geometry* verbose mode - [ preamble ] result:
* driver: pdftex
* paper: a4paper
* layout: <same size as paper>
* layoutoffset:(h,v)=(0.0pt,0.0pt)
* modes: 
* h-part:(L,W,R)=(56.9055pt, 483.69687pt, 56.9055pt)
* v-part:(T,H,B)=(85.35826pt, 674.33032pt, 85.35826pt)
* \paperwidth=597.50787pt
* \paperheight=845.04684pt
* \textwidth=483.69687pt
* \textheight=674.33032pt
* \oddsidemargin=-15.36449pt
* \evensidemargin=-15.36449pt
* \topmargin=-23.91173pt
* \headheight=12.0pt
* \headsep=25.0pt
* \topskip=10.0pt
* \footskip=30.0pt
* \marginparwidth=65.0pt
* \marginparsep=11.0pt
* \columnsep=10.0pt
* \skip\footins=9.0pt plus 4.0pt minus 2.0pt
* \hoffset=0.0pt
* \voffset=0.0pt
* \mag=1000
* \@twocolumnfalse
* \@twosidefalse
* \@mparswitchfalse
* \@reversemarginfalse
* (1in=72.27pt=25.4mm, 1cm=28.453pt)

Package caption Info: Begin \AtBeginDocument code.
Package caption Info: hyperref package is loaded.
Package caption Info: End \AtBeginDocument code.
Package hyperref Info: Link coloring OFF on input line 20.
(./lab1.out) (./lab1.out)
\@outlinefile=\write4
\openout4 = `lab1.out'.

 (/usr/share/texmf-dist/tex/context/base/mkii/supp-pdf.mkii
[Loading MPS to PDF converter (version 2006.09.02).]
\scratchcounter=\count302
\scratchdimen=\dimen277
\scratchbox=\box64
\nofMPsegments=\count303
\nofMParguments=\count304
\everyMPshowfont=\toks32
\MPscratchCnt=\count305
\MPscratchDim=\dimen278
\MPnumerator=\count306
\makeMPintoPDFobject=\count307
\everyMPtoPDFconversion=\toks33
) (/usr/share/texmf-dist/tex/latex/epstopdf-pkg/epstopdf-base.sty
Package: epstopdf-base 2020-01-24 v2.11 Base part for package epstopdf
Package epstopdf-base Info: Redefining graphics rule for `.eps' on input line 485.
 (/usr/share/texmf-dist/tex/latex/latexconfig/epstopdf-sys.cfg
File: epstopdf-sys.cfg 2010/07/13 v1.3 Configuration of (r)epstopdf for TeX Live
))
LaTeX Font Info:    External font `cmex10' loaded for size
(Font)              <12> on input line 28.
LaTeX Font Info:    External font `cmex10' loaded for size
(Font)              <8> on input line 28.
LaTeX Font Info:    External font `cmex10' loaded for size
(Font)              <6> on input line 28.
 [1

{/var/lib/texmf/fonts/map/pdftex/updmap/pdftex.map}] (./lab1.toc
LaTeX Font Info:    External font `cmex10' loaded for size
(Font)              <7> on input line 3.
LaTeX Font Info:    External font `cmex10' loaded for size
(Font)              <5> on input line 3.
)
\tf@toc=\write5
\openout5 = `lab1.toc'.


pdfTeX warning (ext4): destination with the same identifier (name{page.1}) has been already used, duplicate ignored
<to be read again> 
                   \relax 
l.32 \newpage
              [1] [2]
LaTeX Font Info:    Trying to load font information for T1+cmtt on input line 159.
 (/usr/share/texmf-dist/tex/latex/base/t1cmtt.fd
File: t1cmtt.fd 2022/07/10 v2.5l Standard LaTeX font definitions
) [3] [4]
<../../plots/xqf131-ls-imp.png, id=188, 698.8509pt x 327.3831pt>
File: ../../plots/xqf131-ls-imp.png Graphic file (type png)
<use ../../plots/xqf131-ls-imp.png>
Package pdftex.def Info: ../../plots/xqf131-ls-imp.png  used on input line 309.
(pdftex.def)             Requested size: 303.68845pt x 142.26378pt.
<../../plots/xqf131-tsp-mst.png, id=190, 372.1905pt x 295.5843pt>
File: ../../plots/xqf131-tsp-mst.png Graphic file (type png)
<use ../../plots/xqf131-tsp-mst.png>
Package pdftex.def Info: ../../plots/xqf131-tsp-mst.png  used on input line 309.
(pdftex.def)             Requested size: 179.13214pt x 142.26378pt.
<../../plots/xqf131-tsp-ls-mst.png, id=191, 372.1905pt x 308.5929pt>
File: ../../plots/xqf131-tsp-ls-mst.png Graphic file (type png)
<use ../../plots/xqf131-tsp-ls-mst.png>
Package pdftex.def Info: ../../plots/xqf131-tsp-ls-mst.png  used on input line 309.
(pdftex.def)             Requested size: 171.59021pt x 142.26378pt.
<../../plots/xqf131-tsp-ls-mst-stats.png, id=192, 604.8999pt x 339.669pt>
File: ../../plots/xqf131-tsp-ls-mst-stats.png Graphic file (type png)
<use ../../plots/xqf131-tsp-ls-mst-stats.png>
Package pdftex.def Info: ../../plots/xqf131-tsp-ls-mst-stats.png  used on input line 309.
(pdftex.def)             Requested size: 253.35474pt x 142.26378pt.
 [5 <../../plots/xqf131-ls-imp.png> <../../plots/xqf131-tsp-mst.png> <../../plots/xqf131-tsp-ls-mst.png> <../../plots/xqf131-tsp-ls-mst-stats.png>]
<../../plots/xqf131-tsp-ls-rand.png, id=205, 380.1402pt x 308.5929pt>
File: ../../plots/xqf131-tsp-ls-rand.png Graphic file (type png)
<use ../../plots/xqf131-tsp-ls-rand.png>
Package pdftex.def Info: ../../plots/xqf131-tsp-ls-rand.png  used on input line 309.
(pdftex.def)             Requested size: 175.25523pt x 142.26378pt.
<../../plots/xqf131-tsp-ls-rand-stats.png, id=206, 611.4042pt x 339.669pt>
File: ../../plots/xqf131-tsp-ls-rand-stats.png Graphic file (type png)
<use ../../plots/xqf131-tsp-ls-rand-stats.png>
Package pdftex.def Info: ../../plots/xqf131-tsp-ls-rand-stats.png  used on input line 309.
(pdftex.def)             Requested size: 256.07898pt x 142.26378pt.
<../../plots/xqf131-tsp-ls-rand-rand.png, id=207, 551.4201pt x 308.5929pt>
File: ../../plots/xqf131-tsp-ls-rand-rand.png Graphic file (type png)
<use ../../plots/xqf131-tsp-ls-rand-rand.png>
Package pdftex.def Info: ../../plots/xqf131-tsp-ls-rand-rand.png  used on input line 309.
(pdftex.def)             Requested size: 254.22006pt x 142.26378pt.
<../../plots/xqf131-tsp-ls-rand-rand-stats.png, id=208, 611.4042pt x 339.669pt>
File: ../../plots/xqf131-tsp-ls-rand-rand-stats.png Graphic file (type png)
<use ../../plots/xqf131-tsp-ls-rand-rand-stats.png>
Package pdftex.def Info: ../../plots/xqf131-tsp-ls-rand-rand-stats.png  used on input line 309.
(pdftex.def)             Requested size: 256.07898pt x 142.26378pt.
 [6 <../../plots/xqf131-tsp-ls-rand.png> <../../plots/xqf131-tsp-ls-rand-stats.png> <../../plots/xqf131-tsp-ls-rand-rand.png> <../../plots/xqf131-tsp-ls-rand-rand-stats.png>]
<../../plots/xqg237-ls-imp.png, id=222, 698.8509pt x 327.3831pt>
File: ../../plots/xqg237-ls-imp.png Graphic file (type png)
<use ../../plots/xqg237-ls-imp.png>
Package pdftex.def Info: ../../plots/xqg237-ls-imp.png  used on input line 309.
(pdftex.def)             Requested size: 303.68845pt x 142.26378pt.
<../../plots/xqg237-tsp-mst.png, id=223, 372.1905pt x 295.5843pt>
File: ../../plots/xqg237-tsp-mst.png Graphic file (type png)
<use ../../plots/xqg237-tsp-mst.png>
Package pdftex.def Info: ../../plots/xqg237-tsp-mst.png  used on input line 309.
(pdftex.def)             Requested size: 179.13214pt x 142.26378pt.
<../../plots/xqg237-tsp-ls-mst.png, id=224, 372.1905pt x 308.5929pt>
File: ../../plots/xqg237-tsp-ls-mst.png Graphic file (type png)
<use ../../plots/xqg237-tsp-ls-mst.png>
Package pdftex.def Info: ../../plots/xqg237-tsp-ls-mst.png  used on input line 309.
(pdftex.def)             Requested size: 171.59021pt x 142.26378pt.
<../../plots/xqg237-tsp-ls-mst-stats.png, id=225, 611.4042pt x 339.669pt>
File: ../../plots/xqg237-tsp-ls-mst-stats.png Graphic file (type png)
<use ../../plots/xqg237-tsp-ls-mst-stats.png>
Package pdftex.def Info: ../../plots/xqg237-tsp-ls-mst-stats.png  used on input line 309.
(pdftex.def)             Requested size: 256.07898pt x 142.26378pt.
 [7 <../../plots/xqg237-ls-imp.png> <../../plots/xqg237-tsp-mst.png> <../../plots/xqg237-tsp-ls-mst.png> <../../plots/xqg237-tsp-ls-mst-stats.png>]
<../../plots/xqg237-tsp-ls-rand.png, id=238, 388.0899pt x 308.5929pt>
File: ../../plots/xqg237-tsp-ls-rand.png Graphic file (type png)
<use ../../plots/xqg237-tsp-ls-rand.png>
Package pdftex.def Info: ../../plots/xqg237-tsp-ls-rand.png  used on input line 309.
(pdftex.def)             Requested size: 178.92027pt x 142.26378pt.
<../../plots/xqg237-tsp-ls-rand-stats.png, id=239, 617.9085pt x 339.669pt>
File: ../../plots/xqg237-tsp-ls-rand-stats.png Graphic file (type png)
<use ../../plots/xqg237-tsp-ls-rand-stats.png>
Package pdftex.def Info: ../../plots/xqg237-tsp-ls-rand-stats.png  used on input line 309.
(pdftex.def)             Requested size: 258.80322pt x 142.26378pt.
<../../plots/xqg237-tsp-ls-rand-rand.png, id=240, 559.3698pt x 308.5929pt>
File: ../../plots/xqg237-tsp-ls-rand-rand.png Graphic file (type png)
<use ../../plots/xqg237-tsp-ls-rand-rand.png>
Package pdftex.def Info: ../../plots/xqg237-tsp-ls-rand-rand.png  used on input line 309.
(pdftex.def)             Requested size: 257.88509pt x 142.26378pt.
<../../plots/xqg237-tsp-ls-rand-rand-stats.png, id=241, 617.9085pt x 339.669pt>
File: ../../plots/xqg237-tsp-ls-rand-rand-stats.png Graphic file (type png)
<use ../../plots/xqg237-tsp-ls-rand-rand-stats.png>
Package pdftex.def Info: ../../plots/xqg237-tsp-ls-rand-rand-stats.png  used on input line 309.
(pdftex.def)             Requested size: 258.80322pt x 142.26378pt.
 [8 <../../plots/xqg237-tsp-ls-rand.png> <../../plots/xqg237-tsp-ls-rand-stats.png> <../../plots/xqg237-tsp-ls-rand-rand.png> <../../plots/xqg237-tsp-ls-rand-rand-stats.png>]
<../../plots/pma343-ls-imp.png, id=254, 698.8509pt x 327.3831pt>
File: ../../plots/pma343-ls-imp.png Graphic file (type png)
<use ../../plots/pma343-ls-imp.png>
Package pdftex.def Info: ../../plots/pma343-ls-imp.png  used on input line 309.
(pdftex.def)             Requested size: 303.68845pt x 142.26378pt.
<../../plots/pma343-tsp-mst.png, id=255, 372.1905pt x 295.5843pt>
File: ../../plots/pma343-tsp-mst.png Graphic file (type png)
<use ../../plots/pma343-tsp-mst.png>
Package pdftex.def Info: ../../plots/pma343-tsp-mst.png  used on input line 309.
(pdftex.def)             Requested size: 179.13214pt x 142.26378pt.
<../../plots/pma343-tsp-ls-mst.png, id=256, 372.1905pt x 308.5929pt>
File: ../../plots/pma343-tsp-ls-mst.png Graphic file (type png)
<use ../../plots/pma343-tsp-ls-mst.png>
Package pdftex.def Info: ../../plots/pma343-tsp-ls-mst.png  used on input line 309.
(pdftex.def)             Requested size: 171.59021pt x 142.26378pt.
<../../plots/pma343-tsp-ls-mst-stats.png, id=257, 611.4042pt x 339.669pt>
File: ../../plots/pma343-tsp-ls-mst-stats.png Graphic file (type png)
<use ../../plots/pma343-tsp-ls-mst-stats.png>
Package pdftex.def Info: ../../plots/pma343-tsp-ls-mst-stats.png  used on input line 309.
(pdftex.def)             Requested size: 256.07898pt x 142.26378pt.
 [9 <../../plots/pma343-ls-imp.png> <../../plots/pma343-tsp-mst.png> <../../plots/pma343-tsp-ls-mst.png> <../../plots/pma343-tsp-ls-mst-stats.png>]
<../../plots/pma343-tsp-ls-rand.png, id=270, 388.0899pt x 308.5929pt>
File: ../../plots/pma343-tsp-ls-rand.png Graphic file (type png)
<use ../../plots/pma343-tsp-ls-rand.png>
Package pdftex.def Info: ../../plots/pma343-tsp-ls-rand.png  used on input line 309.
(pdftex.def)             Requested size: 178.92027pt x 142.26378pt.
<../../plots/pma343-tsp-ls-rand-stats.png, id=271, 617.9085pt x 339.669pt>
File: ../../plots/pma343-tsp-ls-rand-stats.png Graphic file (type png)
<use ../../plots/pma343-tsp-ls-rand-stats.png>
Package pdftex.def Info: ../../plots/pma343-tsp-ls-rand-stats.png  used on input line 309.
(pdftex.def)             Requested size: 258.80322pt x 142.26378pt.
<../../plots/pma343-tsp-ls-rand-rand.png, id=272, 559.3698pt x 308.5929pt>
File: ../../plots/pma343-tsp-ls-rand-rand.png Graphic file (type png)
<use ../../plots/pma343-tsp-ls-rand-rand.png>
Package pdftex.def Info: ../../plots/pma343-tsp-ls-rand-rand.png  used on input line 309.
(pdftex.def)             Requested size: 257.88509pt x 142.26378pt.
<../../plots/pma343-tsp-ls-rand-rand-stats.png, id=273, 617.9085pt x 339.669pt>
File: ../../plots/pma343-tsp-ls-rand-rand-stats.png Graphic file (type png)
<use ../../plots/pma343-tsp-ls-rand-rand-stats.png>
Package pdftex.def Info: ../../plots/pma343-tsp-ls-rand-rand-stats.png  used on input line 309.
(pdftex.def)             Requested size: 258.80322pt x 142.26378pt.
 [10 <../../plots/pma343-tsp-ls-rand.png> <../../plots/pma343-tsp-ls-rand-stats.png> <../../plots/pma343-tsp-ls-rand-rand.png> <../../plots/pma343-tsp-ls-rand-rand-stats.png>]
<../../plots/pka379-ls-imp.png, id=286, 698.8509pt x 327.3831pt>
File: ../../plots/pka379-ls-imp.png Graphic file (type png)
<use ../../plots/pka379-ls-imp.png>
Package pdftex.def Info: ../../plots/pka379-ls-imp.png  used on input line 309.
(pdftex.def)             Requested size: 303.68845pt x 142.26378pt.
<../../plots/pka379-tsp-mst.png, id=287, 372.1905pt x 295.5843pt>
File: ../../plots/pka379-tsp-mst.png Graphic file (type png)
<use ../../plots/pka379-tsp-mst.png>
Package pdftex.def Info: ../../plots/pka379-tsp-mst.png  used on input line 309.
(pdftex.def)             Requested size: 179.13214pt x 142.26378pt.
<../../plots/pka379-tsp-ls-mst.png, id=288, 372.1905pt x 308.5929pt>
File: ../../plots/pka379-tsp-ls-mst.png Graphic file (type png)
<use ../../plots/pka379-tsp-ls-mst.png>
Package pdftex.def Info: ../../plots/pka379-tsp-ls-mst.png  used on input line 309.
(pdftex.def)             Requested size: 171.59021pt x 142.26378pt.
<../../plots/pka379-tsp-ls-mst-stats.png, id=289, 611.4042pt x 339.669pt>
File: ../../plots/pka379-tsp-ls-mst-stats.png Graphic file (type png)
<use ../../plots/pka379-tsp-ls-mst-stats.png>
Package pdftex.def Info: ../../plots/pka379-tsp-ls-mst-stats.png  used on input line 309.
(pdftex.def)             Requested size: 256.07898pt x 142.26378pt.
 [11 <../../plots/pka379-ls-imp.png> <../../plots/pka379-tsp-mst.png> <../../plots/pka379-tsp-ls-mst.png> <../../plots/pka379-tsp-ls-mst-stats.png>]
<../../plots/pka379-tsp-ls-rand.png, id=302, 388.0899pt x 308.5929pt>
File: ../../plots/pka379-tsp-ls-rand.png Graphic file (type png)
<use ../../plots/pka379-tsp-ls-rand.png>
Package pdftex.def Info: ../../plots/pka379-tsp-ls-rand.png  used on input line 309.
(pdftex.def)             Requested size: 178.92027pt x 142.26378pt.
<../../plots/pka379-tsp-ls-rand-stats.png, id=303, 617.9085pt x 339.669pt>
File: ../../plots/pka379-tsp-ls-rand-stats.png Graphic file (type png)
<use ../../plots/pka379-tsp-ls-rand-stats.png>
Package pdftex.def Info: ../../plots/pka379-tsp-ls-rand-stats.png  used on input line 309.
(pdftex.def)             Requested size: 258.80322pt x 142.26378pt.
<../../plots/pka379-tsp-ls-rand-rand.png, id=304, 559.3698pt x 308.5929pt>
File: ../../plots/pka379-tsp-ls-rand-rand.png Graphic file (type png)
<use ../../plots/pka379-tsp-ls-rand-rand.png>
Package pdftex.def Info: ../../plots/pka379-tsp-ls-rand-rand.png  used on input line 309.
(pdftex.def)             Requested size: 257.88509pt x 142.26378pt.
<../../plots/pka379-tsp-ls-rand-rand-stats.png, id=305, 617.9085pt x 339.669pt>
File: ../../plots/pka379-tsp-ls-rand-rand-stats.png Graphic file (type png)
<use ../../plots/pka379-tsp-ls-rand-rand-stats.png>
Package pdftex.def Info: ../../plots/pka379-tsp-ls-rand-rand-stats.png  used on input line 309.
(pdftex.def)             Requested size: 258.80322pt x 142.26378pt.
 [12 <../../plots/pka379-tsp-ls-rand.png> <../../plots/pka379-tsp-ls-rand-stats.png> <../../plots/pka379-tsp-ls-rand-rand.png> <../../plots/pka379-tsp-ls-rand-rand-stats.png>]
<../../plots/bcl380-ls-imp.png, id=319, 698.8509pt x 327.3831pt>
File: ../../plots/bcl380-ls-imp.png Graphic file (type png)
<use ../../plots/bcl380-ls-imp.png>
Package pdftex.def Info: ../../plots/bcl380-ls-imp.png  used on input line 309.
(pdftex.def)             Requested size: 303.68845pt x 142.26378pt.
<../../plots/bcl380-tsp-mst.png, id=320, 372.1905pt x 295.5843pt>
File: ../../plots/bcl380-tsp-mst.png Graphic file (type png)
<use ../../plots/bcl380-tsp-mst.png>
Package pdftex.def Info: ../../plots/bcl380-tsp-mst.png  used on input line 309.
(pdftex.def)             Requested size: 179.13214pt x 142.26378pt.
<../../plots/bcl380-tsp-ls-mst.png, id=321, 372.1905pt x 308.5929pt>
File: ../../plots/bcl380-tsp-ls-mst.png Graphic file (type png)
<use ../../plots/bcl380-tsp-ls-mst.png>
Package pdftex.def Info: ../../plots/bcl380-tsp-ls-mst.png  used on input line 309.
(pdftex.def)             Requested size: 171.59021pt x 142.26378pt.
<../../plots/bcl380-tsp-ls-mst-stats.png, id=322, 611.4042pt x 339.669pt>
File: ../../plots/bcl380-tsp-ls-mst-stats.png Graphic file (type png)
<use ../../plots/bcl380-tsp-ls-mst-stats.png>
Package pdftex.def Info: ../../plots/bcl380-tsp-ls-mst-stats.png  used on input line 309.
(pdftex.def)             Requested size: 256.07898pt x 142.26378pt.
 [13 <../../plots/bcl380-ls-imp.png> <../../plots/bcl380-tsp-mst.png> <../../plots/bcl380-tsp-ls-mst.png> <../../plots/bcl380-tsp-ls-mst-stats.png>]
<../../plots/bcl380-tsp-ls-rand.png, id=335, 388.0899pt x 308.5929pt>
File: ../../plots/bcl380-tsp-ls-rand.png Graphic file (type png)
<use ../../plots/bcl380-tsp-ls-rand.png>
Package pdftex.def Info: ../../plots/bcl380-tsp-ls-rand.png  used on input line 309.
(pdftex.def)             Requested size: 178.92027pt x 142.26378pt.
<../../plots/bcl380-tsp-ls-rand-stats.png, id=336, 617.9085pt x 339.669pt>
File: ../../plots/bcl380-tsp-ls-rand-stats.png Graphic file (type png)
<use ../../plots/bcl380-tsp-ls-rand-stats.png>
Package pdftex.def Info: ../../plots/bcl380-tsp-ls-rand-stats.png  used on input line 309.
(pdftex.def)             Requested size: 258.80322pt x 142.26378pt.
<../../plots/bcl380-tsp-ls-rand-rand.png, id=337, 559.3698pt x 308.5929pt>
File: ../../plots/bcl380-tsp-ls-rand-rand.png Graphic file (type png)
<use ../../plots/bcl380-tsp-ls-rand-rand.png>
Package pdftex.def Info: ../../plots/bcl380-tsp-ls-rand-rand.png  used on input line 309.
(pdftex.def)             Requested size: 257.88509pt x 142.26378pt.
<../../plots/bcl380-tsp-ls-rand-rand-stats.png, id=338, 617.9085pt x 339.669pt>
File: ../../plots/bcl380-tsp-ls-rand-rand-stats.png Graphic file (type png)
<use ../../plots/bcl380-tsp-ls-rand-rand-stats.png>
Package pdftex.def Info: ../../plots/bcl380-tsp-ls-rand-rand-stats.png  used on input line 309.
(pdftex.def)             Requested size: 258.80322pt x 142.26378pt.
 [14 <../../plots/bcl380-tsp-ls-rand.png> <../../plots/bcl380-tsp-ls-rand-stats.png> <../../plots/bcl380-tsp-ls-rand-rand.png> <../../plots/bcl380-tsp-ls-rand-rand-stats.png>]
<../../plots/pbl395-ls-imp.png, id=351, 698.8509pt x 327.3831pt>
File: ../../plots/pbl395-ls-imp.png Graphic file (type png)
<use ../../plots/pbl395-ls-imp.png>
Package pdftex.def Info: ../../plots/pbl395-ls-imp.png  used on input line 309.
(pdftex.def)             Requested size: 303.68845pt x 142.26378pt.
<../../plots/pbl395-tsp-mst.png, id=352, 372.1905pt x 295.5843pt>
File: ../../plots/pbl395-tsp-mst.png Graphic file (type png)
<use ../../plots/pbl395-tsp-mst.png>
Package pdftex.def Info: ../../plots/pbl395-tsp-mst.png  used on input line 309.
(pdftex.def)             Requested size: 179.13214pt x 142.26378pt.
<../../plots/pbl395-tsp-ls-mst.png, id=353, 372.1905pt x 308.5929pt>
File: ../../plots/pbl395-tsp-ls-mst.png Graphic file (type png)
<use ../../plots/pbl395-tsp-ls-mst.png>
Package pdftex.def Info: ../../plots/pbl395-tsp-ls-mst.png  used on input line 309.
(pdftex.def)             Requested size: 171.59021pt x 142.26378pt.
<../../plots/pbl395-tsp-ls-mst-stats.png, id=354, 611.4042pt x 339.669pt>
File: ../../plots/pbl395-tsp-ls-mst-stats.png Graphic file (type png)
<use ../../plots/pbl395-tsp-ls-mst-stats.png>
Package pdftex.def Info: ../../plots/pbl395-tsp-ls-mst-stats.png  used on input line 309.
(pdftex.def)             Requested size: 256.07898pt x 142.26378pt.
 [15 <../../plots/pbl395-ls-imp.png> <../../plots/pbl395-tsp-mst.png> <../../plots/pbl395-tsp-ls-mst.png> <../../plots/pbl395-tsp-ls-mst-stats.png>]
<../../plots/pbl395-tsp-ls-rand.png, id=368, 388.0899pt x 308.5929pt>
File: ../../plots/pbl395-tsp-ls-rand.png Graphic file (type png)
<use ../../plots/pbl395-tsp-ls-rand.png>
Package pdftex.def Info: ../../plots/pbl395-tsp-ls-rand.png  used on input line 309.
(pdftex.def)             Requested size: 178.92027pt x 142.26378pt.
<../../plots/pbl395-tsp-ls-rand-stats.png, id=369, 617.9085pt x 339.669pt>
File: ../../plots/pbl395-tsp-ls-rand-stats.png Graphic file (type png)
<use ../../plots/pbl395-tsp-ls-rand-stats.png>
Package pdftex.def Info: ../../plots/pbl395-tsp-ls-rand-stats.png  used on input line 309.
(pdftex.def)             Requested size: 258.80322pt x 142.26378pt.
<../../plots/pbl395-tsp-ls-rand-rand.png, id=370, 559.3698pt x 308.5929pt>
File: ../../plots/pbl395-tsp-ls-rand-rand.png Graphic file (type png)
<use ../../plots/pbl395-tsp-ls-rand-rand.png>
Package pdftex.def Info: ../../plots/pbl395-tsp-ls-rand-rand.png  used on input line 309.
(pdftex.def)             Requested size: 257.88509pt x 142.26378pt.
<../../plots/pbl395-tsp-ls-rand-rand-stats.png, id=371, 617.9085pt x 339.669pt>
File: ../../plots/pbl395-tsp-ls-rand-rand-stats.png Graphic file (type png)
<use ../../plots/pbl395-tsp-ls-rand-rand-stats.png>
Package pdftex.def Info: ../../plots/pbl395-tsp-ls-rand-rand-stats.png  used on input line 309.
(pdftex.def)             Requested size: 258.80322pt x 142.26378pt.
 [16 <../../plots/pbl395-tsp-ls-rand.png> <../../plots/pbl395-tsp-ls-rand-stats.png> <../../plots/pbl395-tsp-ls-rand-rand.png> <../../plots/pbl395-tsp-ls-rand-rand-stats.png>]
<../../plots/pbk411-ls-imp.png, id=384, 698.8509pt x 327.3831pt>
File: ../../plots/pbk411-ls-imp.png Graphic file (type png)
<use ../../plots/pbk411-ls-imp.png>
Package pdftex.def Info: ../../plots/pbk411-ls-imp.png  used on input line 309.
(pdftex.def)             Requested size: 303.68845pt x 142.26378pt.
<../../plots/pbk411-tsp-mst.png, id=385, 372.1905pt x 295.5843pt>
File: ../../plots/pbk411-tsp-mst.png Graphic file (type png)
<use ../../plots/pbk411-tsp-mst.png>
Package pdftex.def Info: ../../plots/pbk411-tsp-mst.png  used on input line 309.
(pdftex.def)             Requested size: 179.13214pt x 142.26378pt.
<../../plots/pbk411-tsp-ls-mst.png, id=386, 372.1905pt x 308.5929pt>
File: ../../plots/pbk411-tsp-ls-mst.png Graphic file (type png)
<use ../../plots/pbk411-tsp-ls-mst.png>
Package pdftex.def Info: ../../plots/pbk411-tsp-ls-mst.png  used on input line 309.
(pdftex.def)             Requested size: 171.59021pt x 142.26378pt.
<../../plots/pbk411-tsp-ls-mst-stats.png, id=387, 611.4042pt x 339.669pt>
File: ../../plots/pbk411-tsp-ls-mst-stats.png Graphic file (type png)
<use ../../plots/pbk411-tsp-ls-mst-stats.png>
Package pdftex.def Info: ../../plots/pbk411-tsp-ls-mst-stats.png  used on input line 309.
(pdftex.def)             Requested size: 256.07898pt x 142.26378pt.
 [17 <../../plots/pbk411-ls-imp.png> <../../plots/pbk411-tsp-mst.png> <../../plots/pbk411-tsp-ls-mst.png> <../../plots/pbk411-tsp-ls-mst-stats.png>]
<../../plots/pbk411-tsp-ls-rand.png, id=400, 388.0899pt x 308.5929pt>
File: ../../plots/pbk411-tsp-ls-rand.png Graphic file (type png)
<use ../../plots/pbk411-tsp-ls-rand.png>
Package pdftex.def Info: ../../plots/pbk411-tsp-ls-rand.png  used on input line 309.
(pdftex.def)             Requested size: 178.92027pt x 142.26378pt.
<../../plots/pbk411-tsp-ls-rand-stats.png, id=401, 617.9085pt x 339.669pt>
File: ../../plots/pbk411-tsp-ls-rand-stats.png Graphic file (type png)
<use ../../plots/pbk411-tsp-ls-rand-stats.png>
Package pdftex.def Info: ../../plots/pbk411-tsp-ls-rand-stats.png  used on input line 309.
(pdftex.def)             Requested size: 258.80322pt x 142.26378pt.
<../../plots/pbk411-tsp-ls-rand-rand.png, id=402, 559.3698pt x 308.5929pt>
File: ../../plots/pbk411-tsp-ls-rand-rand.png Graphic file (type png)
<use ../../plots/pbk411-tsp-ls-rand-rand.png>
Package pdftex.def Info: ../../plots/pbk411-tsp-ls-rand-rand.png  used on input line 309.
(pdftex.def)             Requested size: 257.88509pt x 142.26378pt.
<../../plots/pbk411-tsp-ls-rand-rand-stats.png, id=403, 617.9085pt x 339.669pt>
File: ../../plots/pbk411-tsp-ls-rand-rand-stats.png Graphic file (type png)
<use ../../plots/pbk411-tsp-ls-rand-rand-stats.png>
Package pdftex.def Info: ../../plots/pbk411-tsp-ls-rand-rand-stats.png  used on input line 309.
(pdftex.def)             Requested size: 258.80322pt x 142.26378pt.
 [18 <../../plots/pbk411-tsp-ls-rand.png> <../../plots/pbk411-tsp-ls-rand-stats.png> <../../plots/pbk411-tsp-ls-rand-rand.png> <../../plots/pbk411-tsp-ls-rand-rand-stats.png>]
<../../plots/pbn423-ls-imp.png, id=417, 698.8509pt x 327.3831pt>
File: ../../plots/pbn423-ls-imp.png Graphic file (type png)
<use ../../plots/pbn423-ls-imp.png>
Package pdftex.def Info: ../../plots/pbn423-ls-imp.png  used on input line 309.
(pdftex.def)             Requested size: 303.68845pt x 142.26378pt.
<../../plots/pbn423-tsp-mst.png, id=418, 372.1905pt x 295.5843pt>
File: ../../plots/pbn423-tsp-mst.png Graphic file (type png)
<use ../../plots/pbn423-tsp-mst.png>
Package pdftex.def Info: ../../plots/pbn423-tsp-mst.png  used on input line 309.
(pdftex.def)             Requested size: 179.13214pt x 142.26378pt.
<../../plots/pbn423-tsp-ls-mst.png, id=419, 372.1905pt x 308.5929pt>
File: ../../plots/pbn423-tsp-ls-mst.png Graphic file (type png)
<use ../../plots/pbn423-tsp-ls-mst.png>
Package pdftex.def Info: ../../plots/pbn423-tsp-ls-mst.png  used on input line 309.
(pdftex.def)             Requested size: 171.59021pt x 142.26378pt.
<../../plots/pbn423-tsp-ls-mst-stats.png, id=420, 611.4042pt x 339.669pt>
File: ../../plots/pbn423-tsp-ls-mst-stats.png Graphic file (type png)
<use ../../plots/pbn423-tsp-ls-mst-stats.png>
Package pdftex.def Info: ../../plots/pbn423-tsp-ls-mst-stats.png  used on input line 309.
(pdftex.def)             Requested size: 256.07898pt x 142.26378pt.
 [19 <../../plots/pbn423-ls-imp.png> <../../plots/pbn423-tsp-mst.png> <../../plots/pbn423-tsp-ls-mst.png> <../../plots/pbn423-tsp-ls-mst-stats.png>]
<../../plots/pbn423-tsp-ls-rand.png, id=433, 388.0899pt x 308.5929pt>
File: ../../plots/pbn423-tsp-ls-rand.png Graphic file (type png)
<use ../../plots/pbn423-tsp-ls-rand.png>
Package pdftex.def Info: ../../plots/pbn423-tsp-ls-rand.png  used on input line 309.
(pdftex.def)             Requested size: 178.92027pt x 142.26378pt.
<../../plots/pbn423-tsp-ls-rand-stats.png, id=434, 617.9085pt x 339.669pt>
File: ../../plots/pbn423-tsp-ls-rand-stats.png Graphic file (type png)
<use ../../plots/pbn423-tsp-ls-rand-stats.png>
Package pdftex.def Info: ../../plots/pbn423-tsp-ls-rand-stats.png  used on input line 309.
(pdftex.def)             Requested size: 258.80322pt x 142.26378pt.
<../../plots/pbn423-tsp-ls-rand-rand.png, id=435, 559.3698pt x 308.5929pt>
File: ../../plots/pbn423-tsp-ls-rand-rand.png Graphic file (type png)
<use ../../plots/pbn423-tsp-ls-rand-rand.png>
Package pdftex.def Info: ../../plots/pbn423-tsp-ls-rand-rand.png  used on input line 309.
(pdftex.def)             Requested size: 257.88509pt x 142.26378pt.
<../../plots/pbn423-tsp-ls-rand-rand-stats.png, id=436, 617.9085pt x 339.669pt>
File: ../../plots/pbn423-tsp-ls-rand-rand-stats.png Graphic file (type png)
<use ../../plots/pbn423-tsp-ls-rand-rand-stats.png>
Package pdftex.def Info: ../../plots/pbn423-tsp-ls-rand-rand-stats.png  used on input line 309.
(pdftex.def)             Requested size: 258.80322pt x 142.26378pt.
 [20 <../../plots/pbn423-tsp-ls-rand.png> <../../plots/pbn423-tsp-ls-rand-stats.png> <../../plots/pbn423-tsp-ls-rand-rand.png> <../../plots/pbn423-tsp-ls-rand-rand-stats.png>]
<../../plots/pbm436-ls-imp.png, id=449, 698.8509pt x 327.3831pt>
File: ../../plots/pbm436-ls-imp.png Graphic file (type png)
<use ../../plots/pbm436-ls-imp.png>
Package pdftex.def Info: ../../plots/pbm436-ls-imp.png  used on input line 309.
(pdftex.def)             Requested size: 303.68845pt x 142.26378pt.
<../../plots/pbm436-tsp-mst.png, id=450, 372.1905pt x 295.5843pt>
File: ../../plots/pbm436-tsp-mst.png Graphic file (type png)
<use ../../plots/pbm436-tsp-mst.png>
Package pdftex.def Info: ../../plots/pbm436-tsp-mst.png  used on input line 309.
(pdftex.def)             Requested size: 179.13214pt x 142.26378pt.
<../../plots/pbm436-tsp-ls-mst.png, id=451, 372.1905pt x 308.5929pt>
File: ../../plots/pbm436-tsp-ls-mst.png Graphic file (type png)
<use ../../plots/pbm436-tsp-ls-mst.png>
Package pdftex.def Info: ../../plots/pbm436-tsp-ls-mst.png  used on input line 309.
(pdftex.def)             Requested size: 171.59021pt x 142.26378pt.
<../../plots/pbm436-tsp-ls-mst-stats.png, id=452, 611.4042pt x 339.669pt>
File: ../../plots/pbm436-tsp-ls-mst-stats.png Graphic file (type png)
<use ../../plots/pbm436-tsp-ls-mst-stats.png>
Package pdftex.def Info: ../../plots/pbm436-tsp-ls-mst-stats.png  used on input line 309.
(pdftex.def)             Requested size: 256.07898pt x 142.26378pt.
 [21 <../../plots/pbm436-ls-imp.png> <../../plots/pbm436-tsp-mst.png> <../../plots/pbm436-tsp-ls-mst.png> <../../plots/pbm436-tsp-ls-mst-stats.png>]
<../../plots/pbm436-tsp-ls-rand.png, id=465, 388.0899pt x 308.5929pt>
File: ../../plots/pbm436-tsp-ls-rand.png Graphic file (type png)
<use ../../plots/pbm436-tsp-ls-rand.png>
Package pdftex.def Info: ../../plots/pbm436-tsp-ls-rand.png  used on input line 309.
(pdftex.def)             Requested size: 178.92027pt x 142.26378pt.
<../../plots/pbm436-tsp-ls-rand-stats.png, id=466, 617.9085pt x 339.669pt>
File: ../../plots/pbm436-tsp-ls-rand-stats.png Graphic file (type png)
<use ../../plots/pbm436-tsp-ls-rand-stats.png>
Package pdftex.def Info: ../../plots/pbm436-tsp-ls-rand-stats.png  used on input line 309.
(pdftex.def)             Requested size: 258.80322pt x 142.26378pt.
<../../plots/pbm436-tsp-ls-rand-rand.png, id=467, 559.3698pt x 308.5929pt>
File: ../../plots/pbm436-tsp-ls-rand-rand.png Graphic file (type png)
<use ../../plots/pbm436-tsp-ls-rand-rand.png>
Package pdftex.def Info: ../../plots/pbm436-tsp-ls-rand-rand.png  used on input line 309.
(pdftex.def)             Requested size: 257.88509pt x 142.26378pt.
<../../plots/pbm436-tsp-ls-rand-rand-stats.png, id=468, 617.9085pt x 339.669pt>
File: ../../plots/pbm436-tsp-ls-rand-rand-stats.png Graphic file (type png)
<use ../../plots/pbm436-tsp-ls-rand-rand-stats.png>
Package pdftex.def Info: ../../plots/pbm436-tsp-ls-rand-rand-stats.png  used on input line 309.
(pdftex.def)             Requested size: 258.80322pt x 142.26378pt.
 [22 <../../plots/pbm436-tsp-ls-rand.png> <../../plots/pbm436-tsp-ls-rand-stats.png> <../../plots/pbm436-tsp-ls-rand-rand.png> <../../plots/pbm436-tsp-ls-rand-rand-stats.png>]
<../../plots/xql662-ls-imp.png, id=481, 698.8509pt x 327.3831pt>
File: ../../plots/xql662-ls-imp.png Graphic file (type png)
<use ../../plots/xql662-ls-imp.png>
Package pdftex.def Info: ../../plots/xql662-ls-imp.png  used on input line 309.
(pdftex.def)             Requested size: 303.68845pt x 142.26378pt.
<../../plots/xql662-tsp-mst.png, id=482, 372.1905pt x 295.5843pt>
File: ../../plots/xql662-tsp-mst.png Graphic file (type png)
<use ../../plots/xql662-tsp-mst.png>
Package pdftex.def Info: ../../plots/xql662-tsp-mst.png  used on input line 309.
(pdftex.def)             Requested size: 179.13214pt x 142.26378pt.
<../../plots/xql662-tsp-ls-mst.png, id=483, 372.1905pt x 308.5929pt>
File: ../../plots/xql662-tsp-ls-mst.png Graphic file (type png)
<use ../../plots/xql662-tsp-ls-mst.png>
Package pdftex.def Info: ../../plots/xql662-tsp-ls-mst.png  used on input line 309.
(pdftex.def)             Requested size: 171.59021pt x 142.26378pt.
<../../plots/xql662-tsp-ls-mst-stats.png, id=484, 611.4042pt x 339.669pt>
File: ../../plots/xql662-tsp-ls-mst-stats.png Graphic file (type png)
<use ../../plots/xql662-tsp-ls-mst-stats.png>
Package pdftex.def Info: ../../plots/xql662-tsp-ls-mst-stats.png  used on input line 309.
(pdftex.def)             Requested size: 256.07898pt x 142.26378pt.
 [23 <../../plots/xql662-ls-imp.png> <../../plots/xql662-tsp-mst.png> <../../plots/xql662-tsp-ls-mst.png> <../../plots/xql662-tsp-ls-mst-stats.png>]
<../../plots/xql662-tsp-ls-rand.png, id=497, 388.0899pt x 308.5929pt>
File: ../../plots/xql662-tsp-ls-rand.png Graphic file (type png)
<use ../../plots/xql662-tsp-ls-rand.png>
Package pdftex.def Info: ../../plots/xql662-tsp-ls-rand.png  used on input line 309.
(pdftex.def)             Requested size: 178.92027pt x 142.26378pt.
<../../plots/xql662-tsp-ls-rand-stats.png, id=498, 617.9085pt x 339.669pt>
File: ../../plots/xql662-tsp-ls-rand-stats.png Graphic file (type png)
<use ../../plots/xql662-tsp-ls-rand-stats.png>
Package pdftex.def Info: ../../plots/xql662-tsp-ls-rand-stats.png  used on input line 309.
(pdftex.def)             Requested size: 258.80322pt x 142.26378pt.
<../../plots/xql662-tsp-ls-rand-rand.png, id=499, 559.3698pt x 308.5929pt>
File: ../../plots/xql662-tsp-ls-rand-rand.png Graphic file (type png)
<use ../../plots/xql662-tsp-ls-rand-rand.png>
Package pdftex.def Info: ../../plots/xql662-tsp-ls-rand-rand.png  used on input line 309.
(pdftex.def)             Requested size: 257.88509pt x 142.26378pt.
<../../plots/xql662-tsp-ls-rand-rand-stats.png, id=500, 617.9085pt x 339.669pt>
File: ../../plots/xql662-tsp-ls-rand-rand-stats.png Graphic file (type png)
<use ../../plots/xql662-tsp-ls-rand-rand-stats.png>
Package pdftex.def Info: ../../plots/xql662-tsp-ls-rand-rand-stats.png  used on input line 309.
(pdftex.def)             Requested size: 258.80322pt x 142.26378pt.
 [24 <../../plots/xql662-tsp-ls-rand.png> <../../plots/xql662-tsp-ls-rand-stats.png> <../../plots/xql662-tsp-ls-rand-rand.png> <../../plots/xql662-tsp-ls-rand-rand-stats.png>]
<../../plots/xit1083-ls-imp.png, id=514, 711.8595pt x 327.3831pt>
File: ../../plots/xit1083-ls-imp.png Graphic file (type png)
<use ../../plots/xit1083-ls-imp.png>
Package pdftex.def Info: ../../plots/xit1083-ls-imp.png  used on input line 309.
(pdftex.def)             Requested size: 309.34138pt x 142.26378pt.
<../../plots/xit1083-tsp-mst.png, id=515, 372.1905pt x 295.5843pt>
File: ../../plots/xit1083-tsp-mst.png Graphic file (type png)
<use ../../plots/xit1083-tsp-mst.png>
Package pdftex.def Info: ../../plots/xit1083-tsp-mst.png  used on input line 309.
(pdftex.def)             Requested size: 179.13214pt x 142.26378pt.
<../../plots/xit1083-tsp-ls-mst.png, id=516, 372.1905pt x 308.5929pt>
File: ../../plots/xit1083-tsp-ls-mst.png Graphic file (type png)
<use ../../plots/xit1083-tsp-ls-mst.png>
Package pdftex.def Info: ../../plots/xit1083-tsp-ls-mst.png  used on input line 309.
(pdftex.def)             Requested size: 171.59021pt x 142.26378pt.
<../../plots/xit1083-tsp-ls-mst-stats.png, id=517, 611.4042pt x 339.669pt>
File: ../../plots/xit1083-tsp-ls-mst-stats.png Graphic file (type png)
<use ../../plots/xit1083-tsp-ls-mst-stats.png>
Package pdftex.def Info: ../../plots/xit1083-tsp-ls-mst-stats.png  used on input line 309.
(pdftex.def)             Requested size: 256.07898pt x 142.26378pt.
 [25 <../../plots/xit1083-ls-imp.png> <../../plots/xit1083-tsp-mst.png> <../../plots/xit1083-tsp-ls-mst.png> <../../plots/xit1083-tsp-ls-mst-stats.png>]
<../../plots/xit1083-tsp-ls-rand.png, id=530, 388.0899pt x 308.5929pt>
File: ../../plots/xit1083-tsp-ls-rand.png Graphic file (type png)
<use ../../plots/xit1083-tsp-ls-rand.png>
Package pdftex.def Info: ../../plots/xit1083-tsp-ls-rand.png  used on input line 309.
(pdftex.def)             Requested size: 178.92027pt x 142.26378pt.
<../../plots/xit1083-tsp-ls-rand-stats.png, id=531, 624.4128pt x 339.669pt>
File: ../../plots/xit1083-tsp-ls-rand-stats.png Graphic file (type png)
<use ../../plots/xit1083-tsp-ls-rand-stats.png>
Package pdftex.def Info: ../../plots/xit1083-tsp-ls-rand-stats.png  used on input line 309.
(pdftex.def)             Requested size: 261.52747pt x 142.26378pt.
<../../plots/xit1083-tsp-ls-rand-rand.png, id=532, 559.3698pt x 308.5929pt>
File: ../../plots/xit1083-tsp-ls-rand-rand.png Graphic file (type png)
<use ../../plots/xit1083-tsp-ls-rand-rand.png>
Package pdftex.def Info: ../../plots/xit1083-tsp-ls-rand-rand.png  used on input line 309.
(pdftex.def)             Requested size: 257.88509pt x 142.26378pt.
<../../plots/xit1083-tsp-ls-rand-rand-stats.png, id=533, 624.4128pt x 339.669pt>
File: ../../plots/xit1083-tsp-ls-rand-rand-stats.png Graphic file (type png)
<use ../../plots/xit1083-tsp-ls-rand-rand-stats.png>
Package pdftex.def Info: ../../plots/xit1083-tsp-ls-rand-rand-stats.png  used on input line 309.
(pdftex.def)             Requested size: 261.52747pt x 142.26378pt.
 [26 <../../plots/xit1083-tsp-ls-rand.png> <../../plots/xit1083-tsp-ls-rand-stats.png> <../../plots/xit1083-tsp-ls-rand-rand.png> <../../plots/xit1083-tsp-ls-rand-rand-stats.png>]
<../../plots/icw1483-ls-imp.png, id=546, 711.8595pt x 327.3831pt>
File: ../../plots/icw1483-ls-imp.png Graphic file (type png)
<use ../../plots/icw1483-ls-imp.png>
Package pdftex.def Info: ../../plots/icw1483-ls-imp.png  used on input line 309.
(pdftex.def)             Requested size: 309.34138pt x 142.26378pt.
<../../plots/icw1483-tsp-mst.png, id=547, 372.1905pt x 295.5843pt>
File: ../../plots/icw1483-tsp-mst.png Graphic file (type png)
<use ../../plots/icw1483-tsp-mst.png>
Package pdftex.def Info: ../../plots/icw1483-tsp-mst.png  used on input line 309.
(pdftex.def)             Requested size: 179.13214pt x 142.26378pt.
<../../plots/icw1483-tsp-ls-mst.png, id=548, 372.1905pt x 308.5929pt>
File: ../../plots/icw1483-tsp-ls-mst.png Graphic file (type png)
<use ../../plots/icw1483-tsp-ls-mst.png>
Package pdftex.def Info: ../../plots/icw1483-tsp-ls-mst.png  used on input line 309.
(pdftex.def)             Requested size: 171.59021pt x 142.26378pt.
<../../plots/icw1483-tsp-ls-mst-stats.png, id=549, 611.4042pt x 339.669pt>
File: ../../plots/icw1483-tsp-ls-mst-stats.png Graphic file (type png)
<use ../../plots/icw1483-tsp-ls-mst-stats.png>
Package pdftex.def Info: ../../plots/icw1483-tsp-ls-mst-stats.png  used on input line 309.
(pdftex.def)             Requested size: 256.07898pt x 142.26378pt.
 [27 <../../plots/icw1483-ls-imp.png> <../../plots/icw1483-tsp-mst.png> <../../plots/icw1483-tsp-ls-mst.png> <../../plots/icw1483-tsp-ls-mst-stats.png>]
<../../plots/icw1483-tsp-ls-rand.png, id=562, 388.0899pt x 308.5929pt>
File: ../../plots/icw1483-tsp-ls-rand.png Graphic file (type png)
<use ../../plots/icw1483-tsp-ls-rand.png>
Package pdftex.def Info: ../../plots/icw1483-tsp-ls-rand.png  used on input line 309.
(pdftex.def)             Requested size: 178.92027pt x 142.26378pt.
<../../plots/icw1483-tsp-ls-rand-stats.png, id=563, 624.4128pt x 339.669pt>
File: ../../plots/icw1483-tsp-ls-rand-stats.png Graphic file (type png)
<use ../../plots/icw1483-tsp-ls-rand-stats.png>
Package pdftex.def Info: ../../plots/icw1483-tsp-ls-rand-stats.png  used on input line 309.
(pdftex.def)             Requested size: 261.52747pt x 142.26378pt.
<../../plots/icw1483-tsp-ls-rand-rand.png, id=564, 559.3698pt x 308.5929pt>
File: ../../plots/icw1483-tsp-ls-rand-rand.png Graphic file (type png)
<use ../../plots/icw1483-tsp-ls-rand-rand.png>
Package pdftex.def Info: ../../plots/icw1483-tsp-ls-rand-rand.png  used on input line 309.
(pdftex.def)             Requested size: 257.88509pt x 142.26378pt.
<../../plots/icw1483-tsp-ls-rand-rand-stats.png, id=565, 624.4128pt x 339.669pt>
File: ../../plots/icw1483-tsp-ls-rand-rand-stats.png Graphic file (type png)
<use ../../plots/icw1483-tsp-ls-rand-rand-stats.png>
Package pdftex.def Info: ../../plots/icw1483-tsp-ls-rand-rand-stats.png  used on input line 309.
(pdftex.def)             Requested size: 261.52747pt x 142.26378pt.
 [28 <../../plots/icw1483-tsp-ls-rand.png> <../../plots/icw1483-tsp-ls-rand-stats.png> <../../plots/icw1483-tsp-ls-rand-rand.png> <../../plots/icw1483-tsp-ls-rand-rand-stats.png>]
<../../plots/djc1785-ls-imp.png, id=578, 711.8595pt x 327.3831pt>
File: ../../plots/djc1785-ls-imp.png Graphic file (type png)
<use ../../plots/djc1785-ls-imp.png>
Package pdftex.def Info: ../../plots/djc1785-ls-imp.png  used on input line 309.
(pdftex.def)             Requested size: 309.34138pt x 142.26378pt.
<../../plots/djc1785-tsp-mst.png, id=579, 372.1905pt x 295.5843pt>
File: ../../plots/djc1785-tsp-mst.png Graphic file (type png)
<use ../../plots/djc1785-tsp-mst.png>
Package pdftex.def Info: ../../plots/djc1785-tsp-mst.png  used on input line 309.
(pdftex.def)             Requested size: 179.13214pt x 142.26378pt.
<../../plots/djc1785-tsp-ls-mst.png, id=580, 372.1905pt x 308.5929pt>
File: ../../plots/djc1785-tsp-ls-mst.png Graphic file (type png)
<use ../../plots/djc1785-tsp-ls-mst.png>
Package pdftex.def Info: ../../plots/djc1785-tsp-ls-mst.png  used on input line 309.
(pdftex.def)             Requested size: 171.59021pt x 142.26378pt.
<../../plots/djc1785-tsp-ls-mst-stats.png, id=581, 611.4042pt x 339.669pt>
File: ../../plots/djc1785-tsp-ls-mst-stats.png Graphic file (type png)
<use ../../plots/djc1785-tsp-ls-mst-stats.png>
Package pdftex.def Info: ../../plots/djc1785-tsp-ls-mst-stats.png  used on input line 309.
(pdftex.def)             Requested size: 256.07898pt x 142.26378pt.
 [29 <../../plots/djc1785-ls-imp.png> <../../plots/djc1785-tsp-mst.png> <../../plots/djc1785-tsp-ls-mst.png> <../../plots/djc1785-tsp-ls-mst-stats.png>]
<../../plots/djc1785-tsp-ls-rand.png, id=595, 388.0899pt x 308.5929pt>
File: ../../plots/djc1785-tsp-ls-rand.png Graphic file (type png)
<use ../../plots/djc1785-tsp-ls-rand.png>
Package pdftex.def Info: ../../plots/djc1785-tsp-ls-rand.png  used on input line 309.
(pdftex.def)             Requested size: 178.92027pt x 142.26378pt.
<../../plots/djc1785-tsp-ls-rand-stats.png, id=596, 624.4128pt x 339.669pt>
File: ../../plots/djc1785-tsp-ls-rand-stats.png Graphic file (type png)
<use ../../plots/djc1785-tsp-ls-rand-stats.png>
Package pdftex.def Info: ../../plots/djc1785-tsp-ls-rand-stats.png  used on input line 309.
(pdftex.def)             Requested size: 261.52747pt x 142.26378pt.
<../../plots/djc1785-tsp-ls-rand-rand.png, id=597, 566.5968pt x 308.5929pt>
File: ../../plots/djc1785-tsp-ls-rand-rand.png Graphic file (type png)
<use ../../plots/djc1785-tsp-ls-rand-rand.png>
Package pdftex.def Info: ../../plots/djc1785-tsp-ls-rand-rand.png  used on input line 309.
(pdftex.def)             Requested size: 261.21693pt x 142.26378pt.
<../../plots/djc1785-tsp-ls-rand-rand-stats.png, id=598, 624.4128pt x 339.669pt>
File: ../../plots/djc1785-tsp-ls-rand-rand-stats.png Graphic file (type png)
<use ../../plots/djc1785-tsp-ls-rand-rand-stats.png>
Package pdftex.def Info: ../../plots/djc1785-tsp-ls-rand-rand-stats.png  used on input line 309.
(pdftex.def)             Requested size: 261.52747pt x 142.26378pt.
 [30 <../../plots/djc1785-tsp-ls-rand.png> <../../plots/djc1785-tsp-ls-rand-stats.png> <../../plots/djc1785-tsp-ls-rand-rand.png> <../../plots/djc1785-tsp-ls-rand-rand-stats.png>]
<../../plots/dcb2086-ls-imp.png, id=612, 711.8595pt x 327.3831pt>
File: ../../plots/dcb2086-ls-imp.png Graphic file (type png)
<use ../../plots/dcb2086-ls-imp.png>
Package pdftex.def Info: ../../plots/dcb2086-ls-imp.png  used on input line 309.
(pdftex.def)             Requested size: 309.34138pt x 142.26378pt.
<../../plots/dcb2086-tsp-mst.png, id=613, 372.1905pt x 295.5843pt>
File: ../../plots/dcb2086-tsp-mst.png Graphic file (type png)
<use ../../plots/dcb2086-tsp-mst.png>
Package pdftex.def Info: ../../plots/dcb2086-tsp-mst.png  used on input line 309.
(pdftex.def)             Requested size: 179.13214pt x 142.26378pt.
<../../plots/dcb2086-tsp-ls-mst.png, id=614, 372.1905pt x 308.5929pt>
File: ../../plots/dcb2086-tsp-ls-mst.png Graphic file (type png)
<use ../../plots/dcb2086-tsp-ls-mst.png>
Package pdftex.def Info: ../../plots/dcb2086-tsp-ls-mst.png  used on input line 309.
(pdftex.def)             Requested size: 171.59021pt x 142.26378pt.
<../../plots/dcb2086-tsp-ls-mst-stats.png, id=615, 611.4042pt x 339.669pt>
File: ../../plots/dcb2086-tsp-ls-mst-stats.png Graphic file (type png)
<use ../../plots/dcb2086-tsp-ls-mst-stats.png>
Package pdftex.def Info: ../../plots/dcb2086-tsp-ls-mst-stats.png  used on input line 309.
(pdftex.def)             Requested size: 256.07898pt x 142.26378pt.
 [31 <../../plots/dcb2086-ls-imp.png> <../../plots/dcb2086-tsp-mst.png> <../../plots/dcb2086-tsp-ls-mst.png> <../../plots/dcb2086-tsp-ls-mst-stats.png>]
<../../plots/dcb2086-tsp-ls-rand.png, id=628, 388.0899pt x 308.5929pt>
File: ../../plots/dcb2086-tsp-ls-rand.png Graphic file (type png)
<use ../../plots/dcb2086-tsp-ls-rand.png>
Package pdftex.def Info: ../../plots/dcb2086-tsp-ls-rand.png  used on input line 309.
(pdftex.def)             Requested size: 178.92027pt x 142.26378pt.
<../../plots/dcb2086-tsp-ls-rand-stats.png, id=629, 624.4128pt x 339.669pt>
File: ../../plots/dcb2086-tsp-ls-rand-stats.png Graphic file (type png)
<use ../../plots/dcb2086-tsp-ls-rand-stats.png>
Package pdftex.def Info: ../../plots/dcb2086-tsp-ls-rand-stats.png  used on input line 309.
(pdftex.def)             Requested size: 261.52747pt x 142.26378pt.
<../../plots/dcb2086-tsp-ls-rand-rand.png, id=630, 566.5968pt x 308.5929pt>
File: ../../plots/dcb2086-tsp-ls-rand-rand.png Graphic file (type png)
<use ../../plots/dcb2086-tsp-ls-rand-rand.png>
Package pdftex.def Info: ../../plots/dcb2086-tsp-ls-rand-rand.png  used on input line 309.
(pdftex.def)             Requested size: 261.21693pt x 142.26378pt.
<../../plots/dcb2086-tsp-ls-rand-rand-stats.png, id=631, 624.4128pt x 339.669pt>
File: ../../plots/dcb2086-tsp-ls-rand-rand-stats.png Graphic file (type png)
<use ../../plots/dcb2086-tsp-ls-rand-rand-stats.png>
Package pdftex.def Info: ../../plots/dcb2086-tsp-ls-rand-rand-stats.png  used on input line 309.
(pdftex.def)             Requested size: 261.52747pt x 142.26378pt.
 [32 <../../plots/dcb2086-tsp-ls-rand.png> <../../plots/dcb2086-tsp-ls-rand-stats.png> <../../plots/dcb2086-tsp-ls-rand-rand.png> <../../plots/dcb2086-tsp-ls-rand-rand-stats.png>]
<../../plots/pds2566-ls-imp.png, id=644, 711.8595pt x 327.3831pt>
File: ../../plots/pds2566-ls-imp.png Graphic file (type png)
<use ../../plots/pds2566-ls-imp.png>
Package pdftex.def Info: ../../plots/pds2566-ls-imp.png  used on input line 309.
(pdftex.def)             Requested size: 309.34138pt x 142.26378pt.
<../../plots/pds2566-tsp-mst.png, id=645, 372.1905pt x 295.5843pt>
File: ../../plots/pds2566-tsp-mst.png Graphic file (type png)
<use ../../plots/pds2566-tsp-mst.png>
Package pdftex.def Info: ../../plots/pds2566-tsp-mst.png  used on input line 309.
(pdftex.def)             Requested size: 179.13214pt x 142.26378pt.
<../../plots/pds2566-tsp-ls-mst.png, id=646, 372.1905pt x 308.5929pt>
File: ../../plots/pds2566-tsp-ls-mst.png Graphic file (type png)
<use ../../plots/pds2566-tsp-ls-mst.png>
Package pdftex.def Info: ../../plots/pds2566-tsp-ls-mst.png  used on input line 309.
(pdftex.def)             Requested size: 171.59021pt x 142.26378pt.
<../../plots/pds2566-tsp-ls-mst-stats.png, id=647, 617.9085pt x 339.669pt>
File: ../../plots/pds2566-tsp-ls-mst-stats.png Graphic file (type png)
<use ../../plots/pds2566-tsp-ls-mst-stats.png>
Package pdftex.def Info: ../../plots/pds2566-tsp-ls-mst-stats.png  used on input line 309.
(pdftex.def)             Requested size: 258.80322pt x 142.26378pt.
 [33 <../../plots/pds2566-ls-imp.png> <../../plots/pds2566-tsp-mst.png> <../../plots/pds2566-tsp-ls-mst.png> <../../plots/pds2566-tsp-ls-mst-stats.png>]
<../../plots/pds2566-tsp-ls-rand.png, id=660, 388.0899pt x 308.5929pt>
File: ../../plots/pds2566-tsp-ls-rand.png Graphic file (type png)
<use ../../plots/pds2566-tsp-ls-rand.png>
Package pdftex.def Info: ../../plots/pds2566-tsp-ls-rand.png  used on input line 309.
(pdftex.def)             Requested size: 178.92027pt x 142.26378pt.
<../../plots/pds2566-tsp-ls-rand-stats.png, id=661, 624.4128pt x 339.669pt>
File: ../../plots/pds2566-tsp-ls-rand-stats.png Graphic file (type png)
<use ../../plots/pds2566-tsp-ls-rand-stats.png>
Package pdftex.def Info: ../../plots/pds2566-tsp-ls-rand-stats.png  used on input line 309.
(pdftex.def)             Requested size: 261.52747pt x 142.26378pt.
<../../plots/pds2566-tsp-ls-rand-rand.png, id=662, 566.5968pt x 308.5929pt>
File: ../../plots/pds2566-tsp-ls-rand-rand.png Graphic file (type png)
<use ../../plots/pds2566-tsp-ls-rand-rand.png>
Package pdftex.def Info: ../../plots/pds2566-tsp-ls-rand-rand.png  used on input line 309.
(pdftex.def)             Requested size: 261.21693pt x 142.26378pt.
<../../plots/pds2566-tsp-ls-rand-rand-stats.png, id=663, 624.4128pt x 339.669pt>
File: ../../plots/pds2566-tsp-ls-rand-rand-stats.png Graphic file (type png)
<use ../../plots/pds2566-tsp-ls-rand-rand-stats.png>
Package pdftex.def Info: ../../plots/pds2566-tsp-ls-rand-rand-stats.png  used on input line 309.
(pdftex.def)             Requested size: 261.52747pt x 142.26378pt.
 [34 <../../plots/pds2566-tsp-ls-rand.png> <../../plots/pds2566-tsp-ls-rand-stats.png> <../../plots/pds2566-tsp-ls-rand-rand.png> <../../plots/pds2566-tsp-ls-rand-rand-stats.png>] (./lab1.aux)
Package rerunfilecheck Info: File `lab1.out' has not changed.
(rerunfilecheck)             Checksum: C5D0EA26A9D1928D3A5E3563ED6826DB;3319.
 ) 
Here is how much of TeX's memory you used:
 22794 strings out of 477950
 451953 string characters out of 5839253
 1895388 words of memory out of 5000000
 42341 multiletter control sequences out of 15000+600000
 521061 words of font info for 50 fonts, out of 8000000 for 9000
 34 hyphenation exceptions out of 8191
 84i,11n,89p,591b,1144s stack positions out of 10000i,1000n,20000p,200000b,200000s
 </home/karoljanic/.texlive/texmf-var/fonts/pk/ljfour/jknappen/ec/ectt1000.600pk> </home/karoljanic/.texlive/texmf-var/fonts/pk/ljfour/jknappen/ec/tcrm1000.600pk> </home/karoljanic/.texlive/texmf-var/fonts/pk/ljfour/jknappen/ec/ecbx1200.600pk> </home/karoljanic/.texlive/texmf-var/fonts/pk/ljfour/jknappen/ec/ecrm1000.600pk> </home/karoljanic/.texlive/texmf-var/fonts/pk/ljfour/jknappen/ec/ecbx1000.600pk> </home/karoljanic/.texlive/texmf-var/fonts/pk/ljfour/jknappen/ec/ecbx1440.600pk> </home/karoljanic/.texlive/texmf-var/fonts/pk/ljfour/jknappen/ec/ecrm1200.600pk> </home/karoljanic/.texlive/texmf-var/fonts/pk/ljfour/jknappen/ec/ecrm1728.600pk></usr/share/texmf-dist/fonts/type1/public/amsfonts/cm/cmmi10.pfb></usr/share/texmf-dist/fonts/type1/public/amsfonts/cm/cmmi7.pfb></usr/share/texmf-dist/fonts/type1/public/amsfonts/cm/cmr10.pfb></usr/share/texmf-dist/fonts/type1/public/amsfonts/cm/cmr5.pfb></usr/share/texmf-dist/fonts/type1/public/amsfonts/cm/cmr7.pfb></usr/share/texmf-dist/fonts/type1/public/amsfonts/cm/cmsy10.pfb></usr/share/texmf-dist/fonts/type1/public/amsfonts/cm/cmsy7.pfb>
Output written on lab1.pdf (35 pages, 7927948 bytes).
PDF statistics:
 1027 PDF objects out of 1200 (max. 8388607)
 477 compressed objects within 5 object streams
 190 named destinations out of 1000 (max. 500000)
 829 words of extra memory for PDF output out of 10000 (max. 10000000)

