This is pdfTeX, Version 3.141592653-2.6-1.40.25 (TeX Live 2023/Arch Linux) (preloaded format=pdflatex 2023.10.28)  29 OCT 2023 11:03
entering extended mode
 restricted \write18 enabled.
 file:line:error style messages enabled.
 %&-line parsing enabled.
**/home/karoljanic/Documents/projects-studies/metaheuristic-algorithms/reports/lab0/lab0.tex
(/home/karoljanic/Documents/projects-studies/metaheuristic-algorithms/reports/lab0/lab0.tex
LaTeX2e <2022-11-01> patch level 1
L3 programming layer <2023-02-22> (/usr/share/texmf-dist/tex/latex/base/article.cls
Document Class: article 2022/07/02 v1.4n Standard LaTeX document class
(/usr/share/texmf-dist/tex/latex/base/size10.clo
File: size10.clo 2022/07/02 v1.4n Standard LaTeX file (size option)
)
\c@part=\count185
\c@section=\count186
\c@subsection=\count187
\c@subsubsection=\count188
\c@paragraph=\count189
\c@subparagraph=\count190
\c@figure=\count191
\c@table=\count192
\abovecaptionskip=\skip48
\belowcaptionskip=\skip49
\bibindent=\dimen140
) (/usr/share/texmf-dist/tex/latex/geometry/geometry.sty
Package: geometry 2020/01/02 v5.9 Page Geometry
 (/usr/share/texmf-dist/tex/latex/graphics/keyval.sty
Package: keyval 2022/05/29 v1.15 key=value parser (DPC)
\KV@toks@=\toks16
) (/usr/share/texmf-dist/tex/generic/iftex/ifvtex.sty
Package: ifvtex 2019/10/25 v1.7 ifvtex legacy package. Use iftex instead.
 (/usr/share/texmf-dist/tex/generic/iftex/iftex.sty
Package: iftex 2022/02/03 v1.0f TeX engine tests
))
\Gm@cnth=\count193
\Gm@cntv=\count194
\c@Gm@tempcnt=\count195
\Gm@bindingoffset=\dimen141
\Gm@wd@mp=\dimen142
\Gm@odd@mp=\dimen143
\Gm@even@mp=\dimen144
\Gm@layoutwidth=\dimen145
\Gm@layoutheight=\dimen146
\Gm@layouthoffset=\dimen147
\Gm@layoutvoffset=\dimen148
\Gm@dimlist=\toks17
) (/usr/share/texmf-dist/tex/latex/polski/polski.sty
Package: polski 2021/08/25 v1.3.6 Polish language package
) (/usr/share/texmf-dist/tex/latex/base/inputenc.sty
Package: inputenc 2021/02/14 v1.3d Input encoding file
\inpenc@prehook=\toks18
\inpenc@posthook=\toks19
) (/usr/share/texmf-dist/tex/latex/titling/titling.sty
Package: titling 2009/09/04 v2.1d maketitle typesetting
\thanksmarkwidth=\skip50
\thanksmargin=\skip51
\droptitle=\skip52
) (/usr/share/texmf-dist/tex/latex/caption/caption.sty
Package: caption 2023/03/12 v3.6j Customizing captions (AR)
 (/usr/share/texmf-dist/tex/latex/caption/caption3.sty
Package: caption3 2023/03/12 v2.4 caption3 kernel (AR)
\caption@tempdima=\dimen149
\captionmargin=\dimen150
\caption@leftmargin=\dimen151
\caption@rightmargin=\dimen152
\caption@width=\dimen153
\caption@indent=\dimen154
\caption@parindent=\dimen155
\caption@hangindent=\dimen156
Package caption Info: Standard document class detected.
)
\c@caption@flags=\count196
\c@continuedfloat=\count197
) (/usr/share/texmf-dist/tex/latex/parskip/parskip.sty
Package: parskip 2021-03-14 v2.0h non-zero parskip adjustments
 (/usr/share/texmf-dist/tex/latex/kvoptions/kvoptions.sty
Package: kvoptions 2022-06-15 v3.15 Key value format for package options (HO)
 (/usr/share/texmf-dist/tex/generic/ltxcmds/ltxcmds.sty
Package: ltxcmds 2020-05-10 v1.25 LaTeX kernel commands for general use (HO)
) (/usr/share/texmf-dist/tex/latex/kvsetkeys/kvsetkeys.sty
Package: kvsetkeys 2022-10-05 v1.19 Key value parser (HO)
)) (/usr/share/texmf-dist/tex/latex/etoolbox/etoolbox.sty
Package: etoolbox 2020/10/05 v2.5k e-TeX tools for LaTeX (JAW)
\etb@tempcnta=\count198
)) (/usr/share/texmf-dist/tex/latex/hyperref/hyperref.sty
Package: hyperref 2023-02-07 v7.00v Hypertext links for LaTeX
 (/usr/share/texmf-dist/tex/generic/pdftexcmds/pdftexcmds.sty
Package: pdftexcmds 2020-06-27 v0.33 Utility functions of pdfTeX for LuaTeX (HO)
 (/usr/share/texmf-dist/tex/generic/infwarerr/infwarerr.sty
Package: infwarerr 2019/12/03 v1.5 Providing info/warning/error messages (HO)
)
Package pdftexcmds Info: \pdf@primitive is available.
Package pdftexcmds Info: \pdf@ifprimitive is available.
Package pdftexcmds Info: \pdfdraftmode found.
) (/usr/share/texmf-dist/tex/generic/kvdefinekeys/kvdefinekeys.sty
Package: kvdefinekeys 2019-12-19 v1.6 Define keys (HO)
) (/usr/share/texmf-dist/tex/generic/pdfescape/pdfescape.sty
Package: pdfescape 2019/12/09 v1.15 Implements pdfTeX's escape features (HO)
) (/usr/share/texmf-dist/tex/latex/hycolor/hycolor.sty
Package: hycolor 2020-01-27 v1.10 Color options for hyperref/bookmark (HO)
) (/usr/share/texmf-dist/tex/latex/letltxmacro/letltxmacro.sty
Package: letltxmacro 2019/12/03 v1.6 Let assignment for LaTeX macros (HO)
) (/usr/share/texmf-dist/tex/latex/auxhook/auxhook.sty
Package: auxhook 2019-12-17 v1.6 Hooks for auxiliary files (HO)
) (/usr/share/texmf-dist/tex/latex/hyperref/nameref.sty
Package: nameref 2022-05-17 v2.50 Cross-referencing by name of section
 (/usr/share/texmf-dist/tex/latex/refcount/refcount.sty
Package: refcount 2019/12/15 v3.6 Data extraction from label references (HO)
) (/usr/share/texmf-dist/tex/generic/gettitlestring/gettitlestring.sty
Package: gettitlestring 2019/12/15 v1.6 Cleanup title references (HO)
)
\c@section@level=\count199
)
\@linkdim=\dimen157
\Hy@linkcounter=\count266
\Hy@pagecounter=\count267
 (/usr/share/texmf-dist/tex/latex/hyperref/pd1enc.def
File: pd1enc.def 2023-02-07 v7.00v Hyperref: PDFDocEncoding definition (HO)
Now handling font encoding PD1 ...
... no UTF-8 mapping file for font encoding PD1
) (/usr/share/texmf-dist/tex/generic/intcalc/intcalc.sty
Package: intcalc 2019/12/15 v1.3 Expandable calculations with integers (HO)
) (/usr/share/texmf-dist/tex/generic/etexcmds/etexcmds.sty
Package: etexcmds 2019/12/15 v1.7 Avoid name clashes with e-TeX commands (HO)
)
\Hy@SavedSpaceFactor=\count268
 (/usr/share/texmf-dist/tex/latex/hyperref/puenc.def
File: puenc.def 2023-02-07 v7.00v Hyperref: PDF Unicode definition (HO)
Now handling font encoding PU ...
... no UTF-8 mapping file for font encoding PU
)
Package hyperref Info: Hyper figures OFF on input line 4177.
Package hyperref Info: Link nesting OFF on input line 4182.
Package hyperref Info: Hyper index ON on input line 4185.
Package hyperref Info: Plain pages OFF on input line 4192.
Package hyperref Info: Backreferencing OFF on input line 4197.
Package hyperref Info: Implicit mode ON; LaTeX internals redefined.
Package hyperref Info: Bookmarks ON on input line 4425.
\c@Hy@tempcnt=\count269
 (/usr/share/texmf-dist/tex/latex/url/url.sty
\Urlmuskip=\muskip16
Package: url 2013/09/16  ver 3.4  Verb mode for urls, etc.
)
LaTeX Info: Redefining \url on input line 4763.
\XeTeXLinkMargin=\dimen158
 (/usr/share/texmf-dist/tex/generic/bitset/bitset.sty
Package: bitset 2019/12/09 v1.3 Handle bit-vector datatype (HO)
 (/usr/share/texmf-dist/tex/generic/bigintcalc/bigintcalc.sty
Package: bigintcalc 2019/12/15 v1.5 Expandable calculations on big integers (HO)
))
\Fld@menulength=\count270
\Field@Width=\dimen159
\Fld@charsize=\dimen160
Package hyperref Info: Hyper figures OFF on input line 6042.
Package hyperref Info: Link nesting OFF on input line 6047.
Package hyperref Info: Hyper index ON on input line 6050.
Package hyperref Info: backreferencing OFF on input line 6057.
Package hyperref Info: Link coloring OFF on input line 6062.
Package hyperref Info: Link coloring with OCG OFF on input line 6067.
Package hyperref Info: PDF/A mode OFF on input line 6072.
 (/usr/share/texmf-dist/tex/latex/base/atbegshi-ltx.sty
Package: atbegshi-ltx 2021/01/10 v1.0c Emulation of the original atbegshi
package with kernel methods
)
\Hy@abspage=\count271
\c@Item=\count272
\c@Hfootnote=\count273
)
Package hyperref Info: Driver (autodetected): hpdftex.
 (/usr/share/texmf-dist/tex/latex/hyperref/hpdftex.def
File: hpdftex.def 2023-02-07 v7.00v Hyperref driver for pdfTeX
 (/usr/share/texmf-dist/tex/latex/base/atveryend-ltx.sty
Package: atveryend-ltx 2020/08/19 v1.0a Emulation of the original atveryend package
with kernel methods
)
\Fld@listcount=\count274
\c@bookmark@seq@number=\count275
 (/usr/share/texmf-dist/tex/latex/rerunfilecheck/rerunfilecheck.sty
Package: rerunfilecheck 2022-07-10 v1.10 Rerun checks for auxiliary files (HO)
 (/usr/share/texmf-dist/tex/generic/uniquecounter/uniquecounter.sty
Package: uniquecounter 2019/12/15 v1.4 Provide unlimited unique counter (HO)
)
Package uniquecounter Info: New unique counter `rerunfilecheck' on input line 285.
)
\Hy@SectionHShift=\skip53
) (/usr/share/texmf-dist/tex/latex/multirow/multirow.sty
Package: multirow 2021/03/15 v2.8 Span multiple rows of a table
\multirow@colwidth=\skip54
\multirow@cntb=\count276
\multirow@dima=\skip55
\bigstrutjot=\dimen161
) (/usr/share/texmf-dist/tex/latex/graphics/graphicx.sty
Package: graphicx 2021/09/16 v1.2d Enhanced LaTeX Graphics (DPC,SPQR)
 (/usr/share/texmf-dist/tex/latex/graphics/graphics.sty
Package: graphics 2022/03/10 v1.4e Standard LaTeX Graphics (DPC,SPQR)
 (/usr/share/texmf-dist/tex/latex/graphics/trig.sty
Package: trig 2021/08/11 v1.11 sin cos tan (DPC)
) (/usr/share/texmf-dist/tex/latex/graphics-cfg/graphics.cfg
File: graphics.cfg 2016/06/04 v1.11 sample graphics configuration
)
Package graphics Info: Driver file: pdftex.def on input line 107.
 (/usr/share/texmf-dist/tex/latex/graphics-def/pdftex.def
File: pdftex.def 2022/09/22 v1.2b Graphics/color driver for pdftex
))
\Gin@req@height=\dimen162
\Gin@req@width=\dimen163
) (/usr/share/texmf-dist/tex/latex/pgf/utilities/pgffor.sty (/usr/share/texmf-dist/tex/latex/pgf/utilities/pgfrcs.sty (/usr/share/texmf-dist/tex/generic/pgf/utilities/pgfutil-common.tex
\pgfutil@everybye=\toks20
\pgfutil@tempdima=\dimen164
\pgfutil@tempdimb=\dimen165
) (/usr/share/texmf-dist/tex/generic/pgf/utilities/pgfutil-latex.def
\pgfutil@abb=\box51
) (/usr/share/texmf-dist/tex/generic/pgf/utilities/pgfrcs.code.tex (/usr/share/texmf-dist/tex/generic/pgf/pgf.revision.tex)
Package: pgfrcs 2023-01-15 v3.1.10 (3.1.10)
)) (/usr/share/texmf-dist/tex/latex/pgf/utilities/pgfkeys.sty (/usr/share/texmf-dist/tex/generic/pgf/utilities/pgfkeys.code.tex
\pgfkeys@pathtoks=\toks21
\pgfkeys@temptoks=\toks22
 (/usr/share/texmf-dist/tex/generic/pgf/utilities/pgfkeyslibraryfiltered.code.tex
\pgfkeys@tmptoks=\toks23
))) (/usr/share/texmf-dist/tex/latex/pgf/math/pgfmath.sty (/usr/share/texmf-dist/tex/generic/pgf/math/pgfmath.code.tex (/usr/share/texmf-dist/tex/generic/pgf/math/pgfmathutil.code.tex
\pgf@x=\dimen166
\pgf@xa=\dimen167
\pgf@xb=\dimen168
\pgf@xc=\dimen169
\pgf@y=\dimen170
\pgf@ya=\dimen171
\pgf@yb=\dimen172
\pgf@yc=\dimen173
\c@pgf@counta=\count277
\c@pgf@countb=\count278
\c@pgf@countc=\count279
\c@pgf@countd=\count280
) (/usr/share/texmf-dist/tex/generic/pgf/math/pgfmathparser.code.tex
\pgfmath@dimen=\dimen174
\pgfmath@count=\count281
\pgfmath@box=\box52
\pgfmath@toks=\toks24
\pgfmath@stack@operand=\toks25
\pgfmath@stack@operation=\toks26
) (/usr/share/texmf-dist/tex/generic/pgf/math/pgfmathfunctions.code.tex) (/usr/share/texmf-dist/tex/generic/pgf/math/pgfmathfunctions.basic.code.tex) (/usr/share/texmf-dist/tex/generic/pgf/math/pgfmathfunctions.trigonometric.code.tex) (/usr/share/texmf-dist/tex/generic/pgf/math/pgfmathfunctions.random.code.tex) (/usr/share/texmf-dist/tex/generic/pgf/math/pgfmathfunctions.comparison.code.tex) (/usr/share/texmf-dist/tex/generic/pgf/math/pgfmathfunctions.base.code.tex) (/usr/share/texmf-dist/tex/generic/pgf/math/pgfmathfunctions.round.code.tex) (/usr/share/texmf-dist/tex/generic/pgf/math/pgfmathfunctions.misc.code.tex) (/usr/share/texmf-dist/tex/generic/pgf/math/pgfmathfunctions.integerarithmetics.code.tex) (/usr/share/texmf-dist/tex/generic/pgf/math/pgfmathcalc.code.tex) (/usr/share/texmf-dist/tex/generic/pgf/math/pgfmathfloat.code.tex
\c@pgfmathroundto@lastzeros=\count282
))) (/usr/share/texmf-dist/tex/generic/pgf/utilities/pgffor.code.tex
Package: pgffor 2023-01-15 v3.1.10 (3.1.10)
\pgffor@iter=\dimen175
\pgffor@skip=\dimen176
\pgffor@stack=\toks27
\pgffor@toks=\toks28
)) (/usr/share/texmf-dist/tex/latex/l3backend/l3backend-pdftex.def
File: l3backend-pdftex.def 2023-01-16 L3 backend support: PDF output (pdfTeX)
\l__color_backend_stack_int=\count283
\l__pdf_internal_box=\box53
) (./lab0.aux)
\openout1 = `lab0.aux'.

LaTeX Font Info:    Checking defaults for OML/cmm/m/it on input line 17.
LaTeX Font Info:    ... okay on input line 17.
LaTeX Font Info:    Checking defaults for OMS/cmsy/m/n on input line 17.
LaTeX Font Info:    ... okay on input line 17.
LaTeX Font Info:    Checking defaults for OT1/cmr/m/n on input line 17.
LaTeX Font Info:    ... okay on input line 17.
LaTeX Font Info:    Checking defaults for T1/cmr/m/n on input line 17.
LaTeX Font Info:    ... okay on input line 17.
LaTeX Font Info:    Checking defaults for TS1/cmr/m/n on input line 17.
LaTeX Font Info:    ... okay on input line 17.
LaTeX Font Info:    Checking defaults for OMX/cmex/m/n on input line 17.
LaTeX Font Info:    ... okay on input line 17.
LaTeX Font Info:    Checking defaults for U/cmr/m/n on input line 17.
LaTeX Font Info:    ... okay on input line 17.
LaTeX Font Info:    Checking defaults for PD1/pdf/m/n on input line 17.
LaTeX Font Info:    ... okay on input line 17.
LaTeX Font Info:    Checking defaults for PU/pdf/m/n on input line 17.
LaTeX Font Info:    ... okay on input line 17.

*geometry* driver: auto-detecting
*geometry* detected driver: pdftex
*geometry* verbose mode - [ preamble ] result:
* driver: pdftex
* paper: a4paper
* layout: <same size as paper>
* layoutoffset:(h,v)=(0.0pt,0.0pt)
* modes: 
* h-part:(L,W,R)=(56.9055pt, 483.69687pt, 56.9055pt)
* v-part:(T,H,B)=(85.35826pt, 674.33032pt, 85.35826pt)
* \paperwidth=597.50787pt
* \paperheight=845.04684pt
* \textwidth=483.69687pt
* \textheight=674.33032pt
* \oddsidemargin=-15.36449pt
* \evensidemargin=-15.36449pt
* \topmargin=-23.91173pt
* \headheight=12.0pt
* \headsep=25.0pt
* \topskip=10.0pt
* \footskip=30.0pt
* \marginparwidth=65.0pt
* \marginparsep=11.0pt
* \columnsep=10.0pt
* \skip\footins=9.0pt plus 4.0pt minus 2.0pt
* \hoffset=0.0pt
* \voffset=0.0pt
* \mag=1000
* \@twocolumnfalse
* \@twosidefalse
* \@mparswitchfalse
* \@reversemarginfalse
* (1in=72.27pt=25.4mm, 1cm=28.453pt)

Package caption Info: Begin \AtBeginDocument code.
Package caption Info: hyperref package is loaded.
Package caption Info: End \AtBeginDocument code.
Package hyperref Info: Link coloring OFF on input line 17.
(./lab0.out) (./lab0.out)
\@outlinefile=\write3
\openout3 = `lab0.out'.

 (/usr/share/texmf-dist/tex/context/base/mkii/supp-pdf.mkii
[Loading MPS to PDF converter (version 2006.09.02).]
\scratchcounter=\count284
\scratchdimen=\dimen177
\scratchbox=\box54
\nofMPsegments=\count285
\nofMParguments=\count286
\everyMPshowfont=\toks29
\MPscratchCnt=\count287
\MPscratchDim=\dimen178
\MPnumerator=\count288
\makeMPintoPDFobject=\count289
\everyMPtoPDFconversion=\toks30
) (/usr/share/texmf-dist/tex/latex/epstopdf-pkg/epstopdf-base.sty
Package: epstopdf-base 2020-01-24 v2.11 Base part for package epstopdf
Package epstopdf-base Info: Redefining graphics rule for `.eps' on input line 485.
 (/usr/share/texmf-dist/tex/latex/latexconfig/epstopdf-sys.cfg
File: epstopdf-sys.cfg 2010/07/13 v1.3 Configuration of (r)epstopdf for TeX Live
))
LaTeX Font Info:    External font `cmex10' loaded for size
(Font)              <12> on input line 25.
LaTeX Font Info:    External font `cmex10' loaded for size
(Font)              <8> on input line 25.
LaTeX Font Info:    External font `cmex10' loaded for size
(Font)              <6> on input line 25.
 [1

{/var/lib/texmf/fonts/map/pdftex/updmap/pdftex.map}] (./lab0.toc
LaTeX Font Info:    External font `cmex10' loaded for size
(Font)              <7> on input line 3.
LaTeX Font Info:    External font `cmex10' loaded for size
(Font)              <5> on input line 3.
)
\tf@toc=\write4
\openout4 = `lab0.toc'.


pdfTeX warning (ext4): destination with the same identifier (name{page.1}) has been already used, duplicate ignored
<to be read again> 
                   \relax 
l.29 \newpage
              [1]
LaTeX Font Info:    Trying to load font information for T1+cmtt on input line 42.
 (/usr/share/texmf-dist/tex/latex/base/t1cmtt.fd
File: t1cmtt.fd 2022/07/10 v2.5l Standard LaTeX font definitions
) [2]
<../../plots/xqf131-mst.png, id=113, 372.1905pt x 295.5843pt>
File: ../../plots/xqf131-mst.png Graphic file (type png)
<use ../../plots/xqf131-mst.png>
Package pdftex.def Info: ../../plots/xqf131-mst.png  used on input line 106.
(pdftex.def)             Requested size: 232.87405pt x 184.9429pt.
<../../plots/xqf131-tsp-mst.png, id=115, 372.1905pt x 295.5843pt>
File: ../../plots/xqf131-tsp-mst.png Graphic file (type png)
<use ../../plots/xqf131-tsp-mst.png>
Package pdftex.def Info: ../../plots/xqf131-tsp-mst.png  used on input line 106.
(pdftex.def)             Requested size: 232.87405pt x 184.9429pt.
<../../plots/xqf131-rand.png, id=116, 560.8152pt x 327.3831pt>
File: ../../plots/xqf131-rand.png Graphic file (type png)
<use ../../plots/xqf131-rand.png>
Package pdftex.def Info: ../../plots/xqf131-rand.png  used on input line 106.
(pdftex.def)             Requested size: 316.81839pt x 184.9429pt.
 [3 <../../plots/xqf131-mst.png> <../../plots/xqf131-tsp-mst.png> <../../plots/xqf131-rand.png>]
<../../plots/xqg237-mst.png, id=127, 372.1905pt x 295.5843pt>
File: ../../plots/xqg237-mst.png Graphic file (type png)
<use ../../plots/xqg237-mst.png>
Package pdftex.def Info: ../../plots/xqg237-mst.png  used on input line 106.
(pdftex.def)             Requested size: 232.87405pt x 184.9429pt.
<../../plots/xqg237-tsp-mst.png, id=128, 372.1905pt x 295.5843pt>
File: ../../plots/xqg237-tsp-mst.png Graphic file (type png)
<use ../../plots/xqg237-tsp-mst.png>
Package pdftex.def Info: ../../plots/xqg237-tsp-mst.png  used on input line 106.
(pdftex.def)             Requested size: 232.87405pt x 184.9429pt.
<../../plots/xqg237-rand.png, id=129, 567.3195pt x 327.3831pt>
File: ../../plots/xqg237-rand.png Graphic file (type png)
<use ../../plots/xqg237-rand.png>
Package pdftex.def Info: ../../plots/xqg237-rand.png  used on input line 106.
(pdftex.def)             Requested size: 320.49283pt x 184.9429pt.
 [4 <../../plots/xqg237-mst.png> <../../plots/xqg237-tsp-mst.png> <../../plots/xqg237-rand.png>]
<../../plots/pma343-mst.png, id=140, 372.1905pt x 295.5843pt>
File: ../../plots/pma343-mst.png Graphic file (type png)
<use ../../plots/pma343-mst.png>
Package pdftex.def Info: ../../plots/pma343-mst.png  used on input line 106.
(pdftex.def)             Requested size: 232.87405pt x 184.9429pt.
<../../plots/pma343-tsp-mst.png, id=141, 372.1905pt x 295.5843pt>
File: ../../plots/pma343-tsp-mst.png Graphic file (type png)
<use ../../plots/pma343-tsp-mst.png>
Package pdftex.def Info: ../../plots/pma343-tsp-mst.png  used on input line 106.
(pdftex.def)             Requested size: 232.87405pt x 184.9429pt.
<../../plots/pma343-rand.png, id=142, 567.3195pt x 327.3831pt>
File: ../../plots/pma343-rand.png Graphic file (type png)
<use ../../plots/pma343-rand.png>
Package pdftex.def Info: ../../plots/pma343-rand.png  used on input line 106.
(pdftex.def)             Requested size: 320.49283pt x 184.9429pt.
 [5 <../../plots/pma343-mst.png> <../../plots/pma343-tsp-mst.png> <../../plots/pma343-rand.png>]
<../../plots/pka379-mst.png, id=153, 372.1905pt x 295.5843pt>
File: ../../plots/pka379-mst.png Graphic file (type png)
<use ../../plots/pka379-mst.png>
Package pdftex.def Info: ../../plots/pka379-mst.png  used on input line 106.
(pdftex.def)             Requested size: 232.87405pt x 184.9429pt.
<../../plots/pka379-tsp-mst.png, id=154, 372.1905pt x 295.5843pt>
File: ../../plots/pka379-tsp-mst.png Graphic file (type png)
<use ../../plots/pka379-tsp-mst.png>
Package pdftex.def Info: ../../plots/pka379-tsp-mst.png  used on input line 106.
(pdftex.def)             Requested size: 232.87405pt x 184.9429pt.
<../../plots/pka379-rand.png, id=155, 567.3195pt x 327.3831pt>
File: ../../plots/pka379-rand.png Graphic file (type png)
<use ../../plots/pka379-rand.png>
Package pdftex.def Info: ../../plots/pka379-rand.png  used on input line 106.
(pdftex.def)             Requested size: 320.49283pt x 184.9429pt.
 [6 <../../plots/pka379-mst.png> <../../plots/pka379-tsp-mst.png> <../../plots/pka379-rand.png>]
<../../plots/bcl380-mst.png, id=168, 372.1905pt x 295.5843pt>
File: ../../plots/bcl380-mst.png Graphic file (type png)
<use ../../plots/bcl380-mst.png>
Package pdftex.def Info: ../../plots/bcl380-mst.png  used on input line 106.
(pdftex.def)             Requested size: 232.87405pt x 184.9429pt.
<../../plots/bcl380-tsp-mst.png, id=169, 372.1905pt x 295.5843pt>
File: ../../plots/bcl380-tsp-mst.png Graphic file (type png)
<use ../../plots/bcl380-tsp-mst.png>
Package pdftex.def Info: ../../plots/bcl380-tsp-mst.png  used on input line 106.
(pdftex.def)             Requested size: 232.87405pt x 184.9429pt.
<../../plots/bcl380-rand.png, id=170, 567.3195pt x 327.3831pt>
File: ../../plots/bcl380-rand.png Graphic file (type png)
<use ../../plots/bcl380-rand.png>
Package pdftex.def Info: ../../plots/bcl380-rand.png  used on input line 106.
(pdftex.def)             Requested size: 320.49283pt x 184.9429pt.
 [7 <../../plots/bcl380-mst.png> <../../plots/bcl380-tsp-mst.png> <../../plots/bcl380-rand.png>]
<../../plots/pbl395-mst.png, id=181, 372.1905pt x 295.5843pt>
File: ../../plots/pbl395-mst.png Graphic file (type png)
<use ../../plots/pbl395-mst.png>
Package pdftex.def Info: ../../plots/pbl395-mst.png  used on input line 106.
(pdftex.def)             Requested size: 232.87405pt x 184.9429pt.
<../../plots/pbl395-tsp-mst.png, id=182, 372.1905pt x 295.5843pt>
File: ../../plots/pbl395-tsp-mst.png Graphic file (type png)
<use ../../plots/pbl395-tsp-mst.png>
Package pdftex.def Info: ../../plots/pbl395-tsp-mst.png  used on input line 106.
(pdftex.def)             Requested size: 232.87405pt x 184.9429pt.
<../../plots/pbl395-rand.png, id=183, 567.3195pt x 327.3831pt>
File: ../../plots/pbl395-rand.png Graphic file (type png)
<use ../../plots/pbl395-rand.png>
Package pdftex.def Info: ../../plots/pbl395-rand.png  used on input line 106.
(pdftex.def)             Requested size: 320.49283pt x 184.9429pt.
 [8 <../../plots/pbl395-mst.png> <../../plots/pbl395-tsp-mst.png> <../../plots/pbl395-rand.png>]
<../../plots/pbk411-mst.png, id=194, 372.1905pt x 295.5843pt>
File: ../../plots/pbk411-mst.png Graphic file (type png)
<use ../../plots/pbk411-mst.png>
Package pdftex.def Info: ../../plots/pbk411-mst.png  used on input line 106.
(pdftex.def)             Requested size: 232.87405pt x 184.9429pt.
<../../plots/pbk411-tsp-mst.png, id=195, 372.1905pt x 295.5843pt>
File: ../../plots/pbk411-tsp-mst.png Graphic file (type png)
<use ../../plots/pbk411-tsp-mst.png>
Package pdftex.def Info: ../../plots/pbk411-tsp-mst.png  used on input line 106.
(pdftex.def)             Requested size: 232.87405pt x 184.9429pt.
<../../plots/pbk411-rand.png, id=196, 567.3195pt x 327.3831pt>
File: ../../plots/pbk411-rand.png Graphic file (type png)
<use ../../plots/pbk411-rand.png>
Package pdftex.def Info: ../../plots/pbk411-rand.png  used on input line 106.
(pdftex.def)             Requested size: 320.49283pt x 184.9429pt.
 [9 <../../plots/pbk411-mst.png> <../../plots/pbk411-tsp-mst.png> <../../plots/pbk411-rand.png>]
<../../plots/pbn423-mst.png, id=207, 372.1905pt x 295.5843pt>
File: ../../plots/pbn423-mst.png Graphic file (type png)
<use ../../plots/pbn423-mst.png>
Package pdftex.def Info: ../../plots/pbn423-mst.png  used on input line 106.
(pdftex.def)             Requested size: 232.87405pt x 184.9429pt.
<../../plots/pbn423-tsp-mst.png, id=208, 372.1905pt x 295.5843pt>
File: ../../plots/pbn423-tsp-mst.png Graphic file (type png)
<use ../../plots/pbn423-tsp-mst.png>
Package pdftex.def Info: ../../plots/pbn423-tsp-mst.png  used on input line 106.
(pdftex.def)             Requested size: 232.87405pt x 184.9429pt.
<../../plots/pbn423-rand.png, id=209, 567.3195pt x 327.3831pt>
File: ../../plots/pbn423-rand.png Graphic file (type png)
<use ../../plots/pbn423-rand.png>
Package pdftex.def Info: ../../plots/pbn423-rand.png  used on input line 106.
(pdftex.def)             Requested size: 320.49283pt x 184.9429pt.
 [10 <../../plots/pbn423-mst.png> <../../plots/pbn423-tsp-mst.png> <../../plots/pbn423-rand.png>]
<../../plots/pbm436-mst.png, id=220, 372.1905pt x 295.5843pt>
File: ../../plots/pbm436-mst.png Graphic file (type png)
<use ../../plots/pbm436-mst.png>
Package pdftex.def Info: ../../plots/pbm436-mst.png  used on input line 106.
(pdftex.def)             Requested size: 232.87405pt x 184.9429pt.
<../../plots/pbm436-tsp-mst.png, id=221, 372.1905pt x 295.5843pt>
File: ../../plots/pbm436-tsp-mst.png Graphic file (type png)
<use ../../plots/pbm436-tsp-mst.png>
Package pdftex.def Info: ../../plots/pbm436-tsp-mst.png  used on input line 106.
(pdftex.def)             Requested size: 232.87405pt x 184.9429pt.
<../../plots/pbm436-rand.png, id=222, 567.3195pt x 327.3831pt>
File: ../../plots/pbm436-rand.png Graphic file (type png)
<use ../../plots/pbm436-rand.png>
Package pdftex.def Info: ../../plots/pbm436-rand.png  used on input line 106.
(pdftex.def)             Requested size: 320.49283pt x 184.9429pt.
 [11 <../../plots/pbm436-mst.png> <../../plots/pbm436-tsp-mst.png> <../../plots/pbm436-rand.png>]
<../../plots/xql662-mst.png, id=233, 372.1905pt x 295.5843pt>
File: ../../plots/xql662-mst.png Graphic file (type png)
<use ../../plots/xql662-mst.png>
Package pdftex.def Info: ../../plots/xql662-mst.png  used on input line 106.
(pdftex.def)             Requested size: 232.87405pt x 184.9429pt.
<../../plots/xql662-tsp-mst.png, id=234, 372.1905pt x 295.5843pt>
File: ../../plots/xql662-tsp-mst.png Graphic file (type png)
<use ../../plots/xql662-tsp-mst.png>
Package pdftex.def Info: ../../plots/xql662-tsp-mst.png  used on input line 106.
(pdftex.def)             Requested size: 232.87405pt x 184.9429pt.
<../../plots/xql662-rand.png, id=235, 567.3195pt x 327.3831pt>
File: ../../plots/xql662-rand.png Graphic file (type png)
<use ../../plots/xql662-rand.png>
Package pdftex.def Info: ../../plots/xql662-rand.png  used on input line 106.
(pdftex.def)             Requested size: 320.49283pt x 184.9429pt.
 [12 <../../plots/xql662-mst.png> <../../plots/xql662-tsp-mst.png> <../../plots/xql662-rand.png>] (./lab0.aux)
Package rerunfilecheck Info: File `lab0.out' has not changed.
(rerunfilecheck)             Checksum: ADEAB789F9FCAEDB295DA47C80A19A99;1806.
 ) 
Here is how much of TeX's memory you used:
 16082 strings out of 477950
 287479 string characters out of 5839253
 1867388 words of memory out of 5000000
 35994 multiletter control sequences out of 15000+600000
 521061 words of font info for 50 fonts, out of 8000000 for 9000
 34 hyphenation exceptions out of 8191
 63i,11n,67p,600b,499s stack positions out of 10000i,1000n,20000p,200000b,200000s
 </home/karoljanic/.texlive/texmf-var/fonts/pk/ljfour/jknappen/ec/tcrm1000.600pk> </home/karoljanic/.texlive/texmf-var/fonts/pk/ljfour/jknappen/ec/ectt1000.600pk> </home/karoljanic/.texlive/texmf-var/fonts/pk/ljfour/jknappen/ec/ecbx1200.600pk> </home/karoljanic/.texlive/texmf-var/fonts/pk/ljfour/jknappen/ec/ecrm1000.600pk> </home/karoljanic/.texlive/texmf-var/fonts/pk/ljfour/jknappen/ec/ecbx1000.600pk> </home/karoljanic/.texlive/texmf-var/fonts/pk/ljfour/jknappen/ec/ecbx1440.600pk> </home/karoljanic/.texlive/texmf-var/fonts/pk/ljfour/jknappen/ec/ecrm1200.600pk> </home/karoljanic/.texlive/texmf-var/fonts/pk/ljfour/jknappen/ec/ecrm1728.600pk>
Output written on lab0.pdf (13 pages, 1566798 bytes).
PDF statistics:
 524 PDF objects out of 1000 (max. 8388607)
 213 compressed objects within 3 object streams
 62 named destinations out of 1000 (max. 500000)
 287 words of extra memory for PDF output out of 10000 (max. 10000000)

